#
# A fatal error has been detected by the Java Runtime Environment:
#
#  SIGSEGV (0xb) at pc=0x0000000000000000, pid=12781, tid=140517976848128
#
# JRE version: OpenJDK Runtime Environment (7.0_40-b31) (build 1.7.0_40-b31)
# Java VM: OpenJDK 64-Bit Server VM (24.0-b50 mixed mode linux-amd64 compressed oops)
# Problematic frame:
# C  0x0000000000000000
#
# Failed to write core dump. Core dumps have been disabled. To enable core dumping, try "ulimit -c unlimited" before starting Java again
#
# If you would like to submit a bug report, please include
# instructions on how to reproduce the bug and visit:
#   http://icedtea.classpath.org/bugzilla
#

---------------  T H R E A D  ---------------

Current thread is native thread

siginfo:si_signo=SIGSEGV: si_errno=0, si_code=1 (SEGV_MAPERR), si_addr=0x0000000000000000

Registers:
RAX=0x00007fcce4a987c0, RBX=0x0000000000000400, RCX=0x0000000000000000, RDX=0x0000000000000000
RSP=0x00007fcce4182ce8, RBP=0x00007fcce05b7fb0, RSI=0x0000000000000000, RDI=0x00007fcce05b7fb0
R8 =0x0000000000000000, R9 =0x0000000000000000, R10=0x0000000000000000, R11=0x00007fcd4933071c
R12=0x00007fcce05bc140, R13=0x0000000000012000, R14=0x0000000000001000, R15=0x00007fcce4182e98
RIP=0x0000000000000000, EFLAGS=0x0000000000010246, CSGSFS=0x0000000000000033, ERR=0x0000000000000014
  TRAPNO=0x000000000000000e

Top of Stack: (sp=0x00007fcce4182ce8)
0x00007fcce4182ce8:   00007fcce48614d1 00007fccc4002690
0x00007fcce4182cf8:   00007fcce41abc0a 00000000bb800000
0x00007fcce4182d08:   00007fcce41a55fe 00007fcc00000000
0x00007fcce4182d18:   0000000000000000 0000000000000000
0x00007fcce4182d28:   00007fcce05971c0 0000000000002000
0x00007fcce4182d38:   00007fcce41b38c3 00007fcce0597170
0x00007fcce4182d48:   0000000000000000 0000000000000001
0x00007fcce4182d58:   0000000235e208fe 00007fcce0565600
0x00007fcce4182d68:   0000000000002000 0000000000002000
0x00007fcce4182d78:   00007fcce41b5679 0000000000000008
0x00007fcce4182d88:   0000000000000000 0000000000000000
0x00007fcce4182d98:   0000000000000000 0000000000000000
0x00007fcce4182da8:   0000000000002000 00007fcce05971c0
0x00007fcce4182db8:   00007fcce4182e90 000000000000ffc0
0x00007fcce4182dc8:   00007fcce41b580b 0000000000000000
0x00007fcce4182dd8:   00007fcce05bc140 00007fcce41cc860
0x00007fcce4182de8:   00007fcce461da02 00007fcccc431040
0x00007fcce4182df8:   00007fcccc02f040 00000400490962c0
0x00007fcce4182e08:   00007fcce4182e20 00007fcce4182e98
0x00007fcce4182e18:   00007fcce4622d08 00001fa00000037f
0x00007fcce4182e28:   00007fcce4199306 00007fcce0565c50
0x00007fcce4182e38:   0000000000002000 00007fcce0566650
0x00007fcce4182e48:   0000000000000000 00007fcce05b7fb0
0x00007fcce4182e58:   0000000000000008 00007fcce4182e98
0x00007fcce4182e68:   00007fcce4877544 0000000000000000
0x00007fcce4182e78:   00007fcce4182e90 0000000000002000
0x00007fcce4182e88:   0000000000008000 00007fcccc02f040
0x00007fcce4182e98:   0000000000002000 0000000000000000
0x00007fcce4182ea8:   00007fcce0567a10 0000000000000000
0x00007fcce4182eb8:   0000000000000000 00007fcce4877470
0x00007fcce4182ec8:   00007fcd00bf1a38 00007fcce4183700
0x00007fcce4182ed8:   00007fcce486a73a 0000000000000000 

Instructions: (pc=0x0000000000000000)
0xffffffffffffffe0:   

Register to memory mapping:

RAX=0x00007fcce4a987c0: <offset 0x2577c0> in ./lin64/libopenal64.so at 0x00007fcce4841000
RBX=0x0000000000000400 is an unknown value
RCX=0x0000000000000000 is an unknown value
RDX=0x0000000000000000 is an unknown value
RSP=0x00007fcce4182ce8 is an unknown value
RBP=0x00007fcce05b7fb0 is an unknown value
RSI=0x0000000000000000 is an unknown value
RDI=0x00007fcce05b7fb0 is an unknown value
R8 =0x0000000000000000 is an unknown value
R9 =0x0000000000000000 is an unknown value
R10=0x0000000000000000 is an unknown value
R11=0x00007fcd4933071c: <offset 0x9171c> in /lib64/libc.so.6 at 0x00007fcd4929f000
R12=0x00007fcce05bc140 is an unknown value
R13=0x0000000000012000 is an unknown value
R14=0x0000000000001000 is an unknown value
R15=0x00007fcce4182e98 is an unknown value


Stack: [0x00007fcce4083000,0x00007fcce4184000],  sp=0x00007fcce4182ce8,  free space=1023k

---------------  P R O C E S S  ---------------

VM state:at safepoint (shutting down)

VM Mutex/Monitor currently owned by a thread:  ([mutex/lock_event])
[0x00007fcd38006480] Threads_lock - owner thread: 0x00007fcd38251000

Heap
 PSYoungGen      total 337408K, used 120791K [0x00000000eb600000, 0x0000000100000000, 0x0000000100000000)
  eden space 336896K, 35% used [0x00000000eb600000,0x00000000f2be5d38,0x00000000fff00000)
  from space 512K, 12% used [0x00000000fff80000,0x00000000fff90000,0x0000000100000000)
  to   space 512K, 0% used [0x00000000fff00000,0x00000000fff00000,0x00000000fff80000)
 ParOldGen       total 60928K, used 20383K [0x00000000c2200000, 0x00000000c5d80000, 0x00000000eb600000)
  object space 60928K, 33% used [0x00000000c2200000,0x00000000c35e7f40,0x00000000c5d80000)
 PSPermGen       total 29696K, used 15653K [0x00000000b7c00000, 0x00000000b9900000, 0x00000000c2200000)
  object space 29696K, 52% used [0x00000000b7c00000,0x00000000b8b497b0,0x00000000b9900000)

Card table byte_map: [0x00007fcd44977000,0x00007fcd44bba000] byte_map_base: 0x00007fcd443b9000

Polling page: 0x00007fcd49aaf000

Code Cache  [0x00007fcd3d000000, 0x00007fcd3d270000, 0x00007fcd40000000)
 total_blobs=1093 nmethods=516 adapters=531 free_code_cache=47186Kb largest_free_block=48275712

Compilation events (10 events):
Event: 38,174 Thread 0x00007fcd3827b800  524   !         org.lwjgl.opengl.Display::isCreated (17 bytes)
Event: 38,175 Thread 0x00007fcd3827b800 nmethod 524 0x00007fcd3d1e5650 code [0x00007fcd3d1e57a0, 0x00007fcd3d1e59d8]
Event: 38,241 Thread 0x00007fcd3827b800  525             java.awt.Rectangle::setBounds (10 bytes)
Event: 38,242 Thread 0x00007fcd3827e800  526             java.awt.Rectangle::reshape (22 bytes)
Event: 38,242 Thread 0x00007fcd3827e800 nmethod 526 0x00007fcd3d1e5450 code [0x00007fcd3d1e5580, 0x00007fcd3d1e55d8]
Event: 38,242 Thread 0x00007fcd3827b800 nmethod 525 0x00007fcd3d1eb7d0 code [0x00007fcd3d1eb900, 0x00007fcd3d1eb958]
Event: 38,254 Thread 0x00007fcd3827e800  527             java.awt.Rectangle::isEmpty (20 bytes)
Event: 38,254 Thread 0x00007fcd3827e800 nmethod 527 0x00007fcd3d1eb5d0 code [0x00007fcd3d1eb700, 0x00007fcd3d1eb778]
Event: 38,888 Thread 0x00007fcd3827e800  528   !         java.util.zip.ZipFile::getEntry (86 bytes)
Event: 38,893 Thread 0x00007fcd3827e800 nmethod 528 0x00007fcd3d1ec0d0 code [0x00007fcd3d1ec2c0, 0x00007fcd3d1eca38]

GC Heap History (10 events):
Event: 38,523 GC heap before
{Heap before GC invocations=89 (full 1):
 PSYoungGen      total 337408K, used 337024K [0x00000000eb600000, 0x0000000100000000, 0x0000000100000000)
  eden space 336896K, 100% used [0x00000000eb600000,0x00000000fff00000,0x00000000fff00000)
  from space 512K, 25% used [0x00000000fff00000,0x00000000fff20000,0x00000000fff80000)
  to   space 512K, 0% used [0x00000000fff80000,0x00000000fff80000,0x0000000100000000)
 ParOldGen       total 60928K, used 20375K [0x00000000c2200000, 0x00000000c5d80000, 0x00000000eb600000)
  object space 60928K, 33% used [0x00000000c2200000,0x00000000c35e5f40,0x00000000c5d80000)
 PSPermGen       total 29696K, used 15620K [0x00000000b7c00000, 0x00000000b9900000, 0x00000000c2200000)
  object space 29696K, 52% used [0x00000000b7c00000,0x00000000b8b41240,0x00000000b9900000)
Event: 38,525 GC heap after
Heap after GC invocations=89 (full 1):
 PSYoungGen      total 337408K, used 96K [0x00000000eb600000, 0x0000000100000000, 0x0000000100000000)
  eden space 336896K, 0% used [0x00000000eb600000,0x00000000eb600000,0x00000000fff00000)
  from space 512K, 18% used [0x00000000fff80000,0x00000000fff98000,0x0000000100000000)
  to   space 512K, 0% used [0x00000000fff00000,0x00000000fff00000,0x00000000fff80000)
 ParOldGen       total 60928K, used 20383K [0x00000000c2200000, 0x00000000c5d80000, 0x00000000eb600000)
  object space 60928K, 33% used [0x00000000c2200000,0x00000000c35e7f40,0x00000000c5d80000)
 PSPermGen       total 29696K, used 15620K [0x00000000b7c00000, 0x00000000b9900000, 0x00000000c2200000)
  object space 29696K, 52% used [0x00000000b7c00000,0x00000000b8b41240,0x00000000b9900000)
}
Event: 38,815 GC heap before
{Heap before GC invocations=90 (full 1):
 PSYoungGen      total 337408K, used 336992K [0x00000000eb600000, 0x0000000100000000, 0x0000000100000000)
  eden space 336896K, 100% used [0x00000000eb600000,0x00000000fff00000,0x00000000fff00000)
  from space 512K, 18% used [0x00000000fff80000,0x00000000fff98000,0x0000000100000000)
  to   space 512K, 0% used [0x00000000fff00000,0x00000000fff00000,0x00000000fff80000)
 ParOldGen       total 60928K, used 20383K [0x00000000c2200000, 0x00000000c5d80000, 0x00000000eb600000)
  object space 60928K, 33% used [0x00000000c2200000,0x00000000c35e7f40,0x00000000c5d80000)
 PSPermGen       total 29696K, used 15620K [0x00000000b7c00000, 0x00000000b9900000, 0x00000000c2200000)
  object space 29696K, 52% used [0x00000000b7c00000,0x00000000b8b413b8,0x00000000b9900000)
Event: 38,817 GC heap after
Heap after GC invocations=90 (full 1):
 PSYoungGen      total 337408K, used 64K [0x00000000eb600000, 0x0000000100000000, 0x0000000100000000)
  eden space 336896K, 0% used [0x00000000eb600000,0x00000000eb600000,0x00000000fff00000)
  from space 512K, 12% used [0x00000000fff00000,0x00000000fff10000,0x00000000fff80000)
  to   space 512K, 0% used [0x00000000fff80000,0x00000000fff80000,0x0000000100000000)
 ParOldGen       total 60928K, used 20383K [0x00000000c2200000, 0x00000000c5d80000, 0x00000000eb600000)
  object space 60928K, 33% used [0x00000000c2200000,0x00000000c35e7f40,0x00000000c5d80000)
 PSPermGen       total 29696K, used 15620K [0x00000000b7c00000, 0x00000000b9900000, 0x00000000c2200000)
  object space 29696K, 52% used [0x00000000b7c00000,0x00000000b8b413b8,0x00000000b9900000)
}
Event: 39,110 GC heap before
{Heap before GC invocations=91 (full 1):
 PSYoungGen      total 337408K, used 336960K [0x00000000eb600000, 0x0000000100000000, 0x0000000100000000)
  eden space 336896K, 100% used [0x00000000eb600000,0x00000000fff00000,0x00000000fff00000)
  from space 512K, 12% used [0x00000000fff00000,0x00000000fff10000,0x00000000fff80000)
  to   space 512K, 0% used [0x00000000fff80000,0x00000000fff80000,0x0000000100000000)
 ParOldGen       total 60928K, used 20383K [0x00000000c2200000, 0x00000000c5d80000, 0x00000000eb600000)
  object space 60928K, 33% used [0x00000000c2200000,0x00000000c35e7f40,0x00000000c5d80000)
 PSPermGen       total 29696K, used 15623K [0x00000000b7c00000, 0x00000000b9900000, 0x00000000c2200000)
  object space 29696K, 52% used [0x00000000b7c00000,0x00000000b8b41c90,0x00000000b9900000)
Event: 39,112 GC heap after
Heap after GC invocations=91 (full 1):
 PSYoungGen      total 337408K, used 96K [0x00000000eb600000, 0x0000000100000000, 0x0000000100000000)
  eden space 336896K, 0% used [0x00000000eb600000,0x00000000eb600000,0x00000000fff00000)
  from space 512K, 18% used [0x00000000fff80000,0x00000000fff98000,0x0000000100000000)
  to   space 512K, 0% used [0x00000000fff00000,0x00000000fff00000,0x00000000fff80000)
 ParOldGen       total 60928K, used 20383K [0x00000000c2200000, 0x00000000c5d80000, 0x00000000eb600000)
  object space 60928K, 33% used [0x00000000c2200000,0x00000000c35e7f40,0x00000000c5d80000)
 PSPermGen       total 29696K, used 15623K [0x00000000b7c00000, 0x00000000b9900000, 0x00000000c2200000)
  object space 29696K, 52% used [0x00000000b7c00000,0x00000000b8b41c90,0x00000000b9900000)
}
Event: 39,426 GC heap before
{Heap before GC invocations=92 (full 1):
 PSYoungGen      total 337408K, used 336992K [0x00000000eb600000, 0x0000000100000000, 0x0000000100000000)
  eden space 336896K, 100% used [0x00000000eb600000,0x00000000fff00000,0x00000000fff00000)
  from space 512K, 18% used [0x00000000fff80000,0x00000000fff98000,0x0000000100000000)
  to   space 512K, 0% used [0x00000000fff00000,0x00000000fff00000,0x00000000fff80000)
 ParOldGen       total 60928K, used 20383K [0x00000000c2200000, 0x00000000c5d80000, 0x00000000eb600000)
  object space 60928K, 33% used [0x00000000c2200000,0x00000000c35e7f40,0x00000000c5d80000)
 PSPermGen       total 29696K, used 15623K [0x00000000b7c00000, 0x00000000b9900000, 0x00000000c2200000)
  object space 29696K, 52% used [0x00000000b7c00000,0x00000000b8b41de0,0x00000000b9900000)
Event: 39,429 GC heap after
Heap after GC invocations=92 (full 1):
 PSYoungGen      total 337408K, used 96K [0x00000000eb600000, 0x0000000100000000, 0x0000000100000000)
  eden space 336896K, 0% used [0x00000000eb600000,0x00000000eb600000,0x00000000fff00000)
  from space 512K, 18% used [0x00000000fff00000,0x00000000fff18000,0x00000000fff80000)
  to   space 512K, 0% used [0x00000000fff80000,0x00000000fff80000,0x0000000100000000)
 ParOldGen       total 60928K, used 20383K [0x00000000c2200000, 0x00000000c5d80000, 0x00000000eb600000)
  object space 60928K, 33% used [0x00000000c2200000,0x00000000c35e7f40,0x00000000c5d80000)
 PSPermGen       total 29696K, used 15623K [0x00000000b7c00000, 0x00000000b9900000, 0x00000000c2200000)
  object space 29696K, 52% used [0x00000000b7c00000,0x00000000b8b41de0,0x00000000b9900000)
}
Event: 39,728 GC heap before
{Heap before GC invocations=93 (full 1):
 PSYoungGen      total 337408K, used 336992K [0x00000000eb600000, 0x0000000100000000, 0x0000000100000000)
  eden space 336896K, 100% used [0x00000000eb600000,0x00000000fff00000,0x00000000fff00000)
  from space 512K, 18% used [0x00000000fff00000,0x00000000fff18000,0x00000000fff80000)
  to   space 512K, 0% used [0x00000000fff80000,0x00000000fff80000,0x0000000100000000)
 ParOldGen       total 60928K, used 20383K [0x00000000c2200000, 0x00000000c5d80000, 0x00000000eb600000)
  object space 60928K, 33% used [0x00000000c2200000,0x00000000c35e7f40,0x00000000c5d80000)
 PSPermGen       total 29696K, used 15623K [0x00000000b7c00000, 0x00000000b9900000, 0x00000000c2200000)
  object space 29696K, 52% used [0x00000000b7c00000,0x00000000b8b41fa0,0x00000000b9900000)
Event: 39,730 GC heap after
Heap after GC invocations=93 (full 1):
 PSYoungGen      total 337408K, used 64K [0x00000000eb600000, 0x0000000100000000, 0x0000000100000000)
  eden space 336896K, 0% used [0x00000000eb600000,0x00000000eb600000,0x00000000fff00000)
  from space 512K, 12% used [0x00000000fff80000,0x00000000fff90000,0x0000000100000000)
  to   space 512K, 0% used [0x00000000fff00000,0x00000000fff00000,0x00000000fff80000)
 ParOldGen       total 60928K, used 20383K [0x00000000c2200000, 0x00000000c5d80000, 0x00000000eb600000)
  object space 60928K, 33% used [0x00000000c2200000,0x00000000c35e7f40,0x00000000c5d80000)
 PSPermGen       total 29696K, used 15623K [0x00000000b7c00000, 0x00000000b9900000, 0x00000000c2200000)
  object space 29696K, 52% used [0x00000000b7c00000,0x00000000b8b41fa0,0x00000000b9900000)
}

Deoptimization events (10 events):
Event: 15,355 Thread 0x00007fcd38610800 Uncommon trap: reason=array_check action=maybe_recompile pc=0x00007fcd3d132b54 method=java.util.AbstractCollection.toArray([Ljava/lang/Object;)[Ljava/lang/Object; @ 119
Event: 15,355 Thread 0x00007fcd38610800 Uncommon trap: reason=array_check action=maybe_recompile pc=0x00007fcd3d132b54 method=java.util.AbstractCollection.toArray([Ljava/lang/Object;)[Ljava/lang/Object; @ 119
Event: 15,807 Thread 0x00007fcd38610800 Uncommon trap: reason=predicate action=maybe_recompile pc=0x00007fcd3d1433f0 method=java.util.Arrays.fill([Ljava/lang/Object;Ljava/lang/Object;)V @ 10
Event: 16,796 Thread 0x00007fcd38610800 Uncommon trap: reason=array_check action=maybe_recompile pc=0x00007fcd3d15a338 method=java.util.Arrays.fill([Ljava/lang/Object;Ljava/lang/Object;)V @ 13
Event: 16,796 Thread 0x00007fcd38610800 Uncommon trap: reason=array_check action=maybe_recompile pc=0x00007fcd3d15a338 method=java.util.Arrays.fill([Ljava/lang/Object;Ljava/lang/Object;)V @ 13
Event: 16,817 Thread 0x00007fcd38610800 Uncommon trap: reason=array_check action=maybe_recompile pc=0x00007fcd3d15a338 method=java.util.Arrays.fill([Ljava/lang/Object;Ljava/lang/Object;)V @ 13
Event: 16,817 Thread 0x00007fcd38610800 Uncommon trap: reason=array_check action=maybe_recompile pc=0x00007fcd3d15a338 method=java.util.Arrays.fill([Ljava/lang/Object;Ljava/lang/Object;)V @ 13
Event: 39,827 Thread 0x00007fccd8ef8800 Uncommon trap: reason=class_check action=maybe_recompile pc=0x00007fcd3d1283f0 method=java.util.AbstractCollection.toArray([Ljava/lang/Object;)[Ljava/lang/Object; @ 1
Event: 39,827 Thread 0x00007fccd9afe800 Uncommon trap: reason=unreached action=reinterpret pc=0x00007fcd3d1c1560 method=java.lang.ThreadLocal.get()Ljava/lang/Object; @ 11
Event: 39,882 Thread 0x00007fccd9afe800 Uncommon trap: reason=bimorphic action=maybe_recompile pc=0x00007fcd3d18a2fc method=java.io.BufferedInputStream.read1([BII)I @ 39

Internal exceptions (10 events):
Event: 14,536 Thread 0x00007fcce0559800 Threw 0x00000000f8a4e420 at /home/abuild/rpmbuild/BUILD/icedtea-2.4.1/openjdk/hotspot/src/share/vm/prims/jvm.cpp:1244
Event: 14,759 Thread 0x00007fcce0559800 Threw 0x00000000ebf1e940 at /home/abuild/rpmbuild/BUILD/icedtea-2.4.1/openjdk/hotspot/src/share/vm/prims/jvm.cpp:1244
Event: 15,138 Thread 0x00007fcce0559800 Threw 0x00000000f17485f8 at /home/abuild/rpmbuild/BUILD/icedtea-2.4.1/openjdk/hotspot/src/share/vm/prims/jvm.cpp:1244
Event: 15,157 Thread 0x00007fcce0559800 Implicit null exception at 0x00007fcd3d0d028b to 0x00007fcd3d0d078d
Event: 15,171 Thread 0x00007fcce0559800 Implicit null exception at 0x00007fcd3d107221 to 0x00007fcd3d1082ad
Event: 15,282 Thread 0x00007fcd38610800 Threw 0x00000000f2dcde70 at /home/abuild/rpmbuild/BUILD/icedtea-2.4.1/openjdk/hotspot/src/share/vm/prims/jvm.cpp:1244
Event: 16,583 Thread 0x00007fcd38610800 Threw 0x00000000f7fb5be8 at /home/abuild/rpmbuild/BUILD/icedtea-2.4.1/openjdk/hotspot/src/share/vm/prims/jvm.cpp:1244
Event: 31,101 Thread 0x00007fcd38610800 Threw 0x00000000f92bdce0 at /home/abuild/rpmbuild/BUILD/icedtea-2.4.1/openjdk/hotspot/src/share/vm/prims/jvm.cpp:1244
Event: 39,827 Thread 0x00007fccd9afe800 Threw 0x00000000f1ebd330 at /home/abuild/rpmbuild/BUILD/icedtea-2.4.1/openjdk/hotspot/src/share/vm/prims/jvm.cpp:1244
Event: 39,827 Thread 0x00007fccd9afe800 Implicit null exception at 0x00007fcd3d1c1494 to 0x00007fcd3d1c154d

Events (10 events):
Event: 39,870 loading class 0x00007fcd3808f680 done
Event: 39,870 Thread 0x00007fccd8ef8800 Thread exited: 0x00007fccd8ef8800
Event: 39,882 Thread 0x00007fccd9afe800 Uncommon trap: trap_request=0xffffffc6 fr.pc=0x00007fcd3d18a2fc
Event: 39,882 Executing VM operation: RevokeBias
Event: 39,882 Executing VM operation: RevokeBias done
Event: 39,882 Thread 0x00007fccd9afe800 DEOPT PACKING pc=0x00007fcd3d18a2fc sp=0x00007fcce4fa19b0
Event: 39,882 Thread 0x00007fccd9afe800 DEOPT UNPACKING pc=0x00007fcd3d039045 sp=0x00007fcce4fa1938 mode 2
Event: 40,774 Thread 0x00007fccd9afe800 Thread exited: 0x00007fccd9afe800
Event: 40,780 Thread 0x00007fccd9abd000 Thread exited: 0x00007fccd9abd000
Event: 40,793 Executing VM operation: Exit


Dynamic libraries:
00400000-00401000 r-xp 00000000 08:09 933113                             /usr/lib64/jvm/java-1.7.0-openjdk-1.7.0/jre/bin/java
00600000-00601000 r--p 00000000 08:09 933113                             /usr/lib64/jvm/java-1.7.0-openjdk-1.7.0/jre/bin/java
00601000-00602000 rw-p 00001000 08:09 933113                             /usr/lib64/jvm/java-1.7.0-openjdk-1.7.0/jre/bin/java
00830000-00884000 rw-p 00000000 00:00 0                                  [heap]
4057f000-4061c000 rw-p 00000000 00:00 0 
411a7000-411a9000 r-xs 00000000 08:09 523435                             /tmp/gluIegkx (deleted)
b7c00000-b9900000 rw-p 00000000 00:00 0 
b9900000-c2200000 rw-p 00000000 00:00 0 
c2200000-c5d80000 rw-p 00000000 00:00 0 
c5d80000-eb600000 rw-p 00000000 00:00 0 
eb600000-100000000 rw-p 00000000 00:00 0 
7fcca4000000-7fcca4021000 rw-p 00000000 00:00 0 
7fcca4021000-7fcca8000000 ---p 00000000 00:00 0 
7fccac000000-7fccac021000 rw-p 00000000 00:00 0 
7fccac021000-7fccb0000000 ---p 00000000 00:00 0 
7fccb0000000-7fccb1c01000 rw-p 00000000 00:00 0 
7fccb1c01000-7fccb4000000 ---p 00000000 00:00 0 
7fccb4000000-7fccb4021000 rw-p 00000000 00:00 0 
7fccb4021000-7fccb8000000 ---p 00000000 00:00 0 
7fccb8000000-7fccb8021000 rw-p 00000000 00:00 0 
7fccb8021000-7fccbc000000 ---p 00000000 00:00 0 
7fccbc000000-7fccbc021000 rw-p 00000000 00:00 0 
7fccbc021000-7fccc0000000 ---p 00000000 00:00 0 
7fccc0000000-7fccc0021000 rw-p 00000000 00:00 0 
7fccc0021000-7fccc4000000 ---p 00000000 00:00 0 
7fccc4000000-7fccc4021000 rw-p 00000000 00:00 0 
7fccc4021000-7fccc8000000 ---p 00000000 00:00 0 
7fcccbfff000-7fccd0000000 rw-s 00000000 00:0f 41975                      /dev/shm/pulse-shm-2697003137
7fccd0000000-7fccd02b9000 rw-p 00000000 00:00 0 
7fccd02b9000-7fccd4000000 ---p 00000000 00:00 0 
7fccd77ff000-7fccd7800000 ---p 00000000 00:00 0 
7fccd7800000-7fccd8000000 rw-p 00000000 00:00 0                          [stack:12852]
7fccd8000000-7fccdbd01000 rw-p 00000000 00:00 0 
7fccdbd01000-7fccdc000000 ---p 00000000 00:00 0 
7fccdc0bb000-7fccdc0be000 ---p 00000000 00:00 0 
7fccdc0be000-7fccdc1bc000 rw-p 00000000 00:00 0 
7fccdc1bc000-7fccdc1bf000 ---p 00000000 00:00 0 
7fccdc1bf000-7fccdc2bd000 rw-p 00000000 00:00 0 
7fccdc2bd000-7fccdc2c0000 ---p 00000000 00:00 0 
7fccdc2c0000-7fccdc3be000 rw-p 00000000 00:00 0 
7fccdc3be000-7fccdc3ea000 r-xp 00000000 08:09 791908                     /usr/lib64/libvorbis.so.0.4.6
7fccdc3ea000-7fccdc5ea000 ---p 0002c000 08:09 791908                     /usr/lib64/libvorbis.so.0.4.6
7fccdc5ea000-7fccdc5eb000 r--p 0002c000 08:09 791908                     /usr/lib64/libvorbis.so.0.4.6
7fccdc5eb000-7fccdc5ec000 rw-p 0002d000 08:09 791908                     /usr/lib64/libvorbis.so.0.4.6
7fccdc5ec000-7fccdc5f2000 r-xp 00000000 08:09 792070                     /usr/lib64/libogg.so.0.8.0
7fccdc5f2000-7fccdc7f1000 ---p 00006000 08:09 792070                     /usr/lib64/libogg.so.0.8.0
7fccdc7f1000-7fccdc7f2000 r--p 00005000 08:09 792070                     /usr/lib64/libogg.so.0.8.0
7fccdc7f2000-7fccdc7f3000 rw-p 00006000 08:09 792070                     /usr/lib64/libogg.so.0.8.0
7fccdc7f3000-7fccdc80a000 r-xp 00000000 08:09 792046                     /usr/lib64/libspeex.so.1.5.0
7fccdc80a000-7fccdca0a000 ---p 00017000 08:09 792046                     /usr/lib64/libspeex.so.1.5.0
7fccdca0a000-7fccdca0b000 r--p 00017000 08:09 792046                     /usr/lib64/libspeex.so.1.5.0
7fccdca0b000-7fccdca0c000 rw-p 00018000 08:09 792046                     /usr/lib64/libspeex.so.1.5.0
7fccdca0c000-7fccdccbf000 r-xp 00000000 08:09 791968                     /usr/lib64/libvorbisenc.so.2.0.9
7fccdccbf000-7fccdcebe000 ---p 002b3000 08:09 791968                     /usr/lib64/libvorbisenc.so.2.0.9
7fccdcebe000-7fccdceda000 r--p 002b2000 08:09 791968                     /usr/lib64/libvorbisenc.so.2.0.9
7fccdceda000-7fccdcedb000 rw-p 002ce000 08:09 791968                     /usr/lib64/libvorbisenc.so.2.0.9
7fccdcedb000-7fccdcf11000 r-xp 00000000 08:09 792033                     /usr/lib64/libFLAC.so.8.3.0
7fccdcf11000-7fccdd111000 ---p 00036000 08:09 792033                     /usr/lib64/libFLAC.so.8.3.0
7fccdd111000-7fccdd112000 r--p 00036000 08:09 792033                     /usr/lib64/libFLAC.so.8.3.0
7fccdd112000-7fccdd113000 rw-p 00037000 08:09 792033                     /usr/lib64/libFLAC.so.8.3.0
7fccdd113000-7fccdd117000 r-xp 00000000 08:09 790577                     /usr/lib64/libuuid.so.1.3.0
7fccdd117000-7fccdd316000 ---p 00004000 08:09 790577                     /usr/lib64/libuuid.so.1.3.0
7fccdd316000-7fccdd317000 r--p 00003000 08:09 790577                     /usr/lib64/libuuid.so.1.3.0
7fccdd317000-7fccdd318000 rw-p 00004000 08:09 790577                     /usr/lib64/libuuid.so.1.3.0
7fccdd318000-7fccdd31c000 r-xp 00000000 08:09 392492                     /lib64/libcap.so.2.22
7fccdd31c000-7fccdd51b000 ---p 00004000 08:09 392492                     /lib64/libcap.so.2.22
7fccdd51b000-7fccdd51c000 r--p 00003000 08:09 392492                     /lib64/libcap.so.2.22
7fccdd51c000-7fccdd51d000 rw-p 00004000 08:09 392492                     /lib64/libcap.so.2.22
7fccdd51d000-7fccdd581000 r-xp 00000000 08:09 792026                     /usr/lib64/libsndfile.so.1.0.25
7fccdd581000-7fccdd781000 ---p 00064000 08:09 792026                     /usr/lib64/libsndfile.so.1.0.25
7fccdd781000-7fccdd783000 r--p 00064000 08:09 792026                     /usr/lib64/libsndfile.so.1.0.25
7fccdd783000-7fccdd784000 rw-p 00066000 08:09 792026                     /usr/lib64/libsndfile.so.1.0.25
7fccdd784000-7fccdd788000 rw-p 00000000 00:00 0 
7fccdd788000-7fccdd791000 r-xp 00000000 08:09 392481                     /lib64/libwrap.so.0.7.6
7fccdd791000-7fccdd990000 ---p 00009000 08:09 392481                     /lib64/libwrap.so.0.7.6
7fccdd990000-7fccdd991000 r--p 00008000 08:09 392481                     /lib64/libwrap.so.0.7.6
7fccdd991000-7fccdd992000 rw-p 00009000 08:09 392481                     /lib64/libwrap.so.0.7.6
7fccdd992000-7fccdd993000 rw-p 00000000 00:00 0 
7fccdd993000-7fccdd99a000 r-xp 00000000 08:09 790591                     /usr/lib64/libSM.so.6.0.1
7fccdd99a000-7fccddb99000 ---p 00007000 08:09 790591                     /usr/lib64/libSM.so.6.0.1
7fccddb99000-7fccddb9a000 r--p 00006000 08:09 790591                     /usr/lib64/libSM.so.6.0.1
7fccddb9a000-7fccddb9b000 rw-p 00007000 08:09 790591                     /usr/lib64/libSM.so.6.0.1
7fccddb9b000-7fccddbb2000 r-xp 00000000 08:09 790615                     /usr/lib64/libICE.so.6.3.0
7fccddbb2000-7fccdddb1000 ---p 00017000 08:09 790615                     /usr/lib64/libICE.so.6.3.0
7fccdddb1000-7fccdddb2000 r--p 00016000 08:09 790615                     /usr/lib64/libICE.so.6.3.0
7fccdddb2000-7fccdddb3000 rw-p 00017000 08:09 790615                     /usr/lib64/libICE.so.6.3.0
7fccdddb3000-7fccdddb7000 rw-p 00000000 00:00 0 
7fccdddb7000-7fccdddb8000 r-xp 00000000 08:09 793080                     /usr/lib64/libX11-xcb.so.1.0.0
7fccdddb8000-7fccddfb7000 ---p 00001000 08:09 793080                     /usr/lib64/libX11-xcb.so.1.0.0
7fccddfb7000-7fccddfb8000 r--p 00000000 08:09 793080                     /usr/lib64/libX11-xcb.so.1.0.0
7fccddfb8000-7fccddfb9000 rw-p 00001000 08:09 793080                     /usr/lib64/libX11-xcb.so.1.0.0
7fccddfb9000-7fccddffd000 r-xp 00000000 08:09 392500                     /lib64/libdbus-1.so.3.7.2
7fccddffd000-7fccde1fd000 ---p 00044000 08:09 392500                     /lib64/libdbus-1.so.3.7.2
7fccde1fd000-7fccde1fe000 r--p 00044000 08:09 392500                     /lib64/libdbus-1.so.3.7.2
7fccde1fe000-7fccde1ff000 rw-p 00045000 08:09 392500                     /lib64/libdbus-1.so.3.7.2
7fccde1ff000-7fccde5ff000 rw-s ad418000 00:05 12004                      /dev/nvidia0
7fccdeaff000-7fccdebff000 rw-s 88b60000 00:05 12004                      /dev/nvidia0
7fccdebff000-7fccdefff000 rw-s 32065000 00:05 12004                      /dev/nvidia0
7fccdefff000-7fcce0000000 rw-p 00000000 00:00 0 
7fcce0000000-7fcce3d39000 rw-p 00000000 00:00 0 
7fcce3d39000-7fcce4000000 ---p 00000000 00:00 0 
7fcce4083000-7fcce4084000 ---p 00000000 00:00 0 
7fcce4084000-7fcce4184000 rw-p 00000000 00:00 0                          [stack:12853]
7fcce4184000-7fcce41ea000 r-xp 00000000 08:09 1177415                    /usr/lib64/pulseaudio/libpulsecommon-3.0.so
7fcce41ea000-7fcce43ea000 ---p 00066000 08:09 1177415                    /usr/lib64/pulseaudio/libpulsecommon-3.0.so
7fcce43ea000-7fcce43eb000 r--p 00066000 08:09 1177415                    /usr/lib64/pulseaudio/libpulsecommon-3.0.so
7fcce43eb000-7fcce43ed000 rw-p 00067000 08:09 1177415                    /usr/lib64/pulseaudio/libpulsecommon-3.0.so
7fcce43ed000-7fcce43f4000 r-xp 00000000 08:09 790175                     /usr/lib64/libjson.so.0.0.1
7fcce43f4000-7fcce45f4000 ---p 00007000 08:09 790175                     /usr/lib64/libjson.so.0.0.1
7fcce45f4000-7fcce45f5000 r--p 00007000 08:09 790175                     /usr/lib64/libjson.so.0.0.1
7fcce45f5000-7fcce45f6000 rw-p 00008000 08:09 790175                     /usr/lib64/libjson.so.0.0.1
7fcce45f6000-7fcce463f000 r-xp 00000000 08:09 793540                     /usr/lib64/libpulse.so.0.15.3
7fcce463f000-7fcce483f000 ---p 00049000 08:09 793540                     /usr/lib64/libpulse.so.0.15.3
7fcce483f000-7fcce4840000 r--p 00049000 08:09 793540                     /usr/lib64/libpulse.so.0.15.3
7fcce4840000-7fcce4841000 rw-p 0004a000 08:09 793540                     /usr/lib64/libpulse.so.0.15.3
7fcce4841000-7fcce4896000 r-xp 00000000 08:08 13895450                   /data2/Z-Ray/Applications/space_conflicts_empires/dist-prefix/lin64/libopenal64.so
7fcce4896000-7fcce4a95000 ---p 00055000 08:08 13895450                   /data2/Z-Ray/Applications/space_conflicts_empires/dist-prefix/lin64/libopenal64.so
7fcce4a95000-7fcce4a98000 r--p 00054000 08:08 13895450                   /data2/Z-Ray/Applications/space_conflicts_empires/dist-prefix/lin64/libopenal64.so
7fcce4a98000-7fcce4a99000 rw-p 00057000 08:08 13895450                   /data2/Z-Ray/Applications/space_conflicts_empires/dist-prefix/lin64/libopenal64.so
7fcce4a99000-7fcce4a9a000 rw-p 00000000 00:00 0 
7fcce4a9a000-7fcce4a9d000 ---p 00000000 00:00 0 
7fcce4a9d000-7fcce4b9b000 rw-p 00000000 00:00 0 
7fcce4b9b000-7fcce4ba4000 r-xp 00000000 08:09 933146                     /usr/lib64/jvm/java-1.7.0-openjdk-1.7.0/jre/lib/amd64/libjavajpeg.so
7fcce4ba4000-7fcce4da4000 ---p 00009000 08:09 933146                     /usr/lib64/jvm/java-1.7.0-openjdk-1.7.0/jre/lib/amd64/libjavajpeg.so
7fcce4da4000-7fcce4da5000 r--p 00009000 08:09 933146                     /usr/lib64/jvm/java-1.7.0-openjdk-1.7.0/jre/lib/amd64/libjavajpeg.so
7fcce4da5000-7fcce4da6000 rw-p 0000a000 08:09 933146                     /usr/lib64/jvm/java-1.7.0-openjdk-1.7.0/jre/lib/amd64/libjavajpeg.so
7fcce4ea3000-7fcce4ea6000 ---p 00000000 00:00 0 
7fcce4ea6000-7fcce4fa4000 rw-p 00000000 00:00 0 
7fcce4fa4000-7fcce4fa7000 ---p 00000000 00:00 0 
7fcce4fa7000-7fcce50a5000 rw-p 00000000 00:00 0 
7fcce50a5000-7fcce50a8000 ---p 00000000 00:00 0 
7fcce50a8000-7fcce51a6000 rw-p 00000000 00:00 0 
7fcce51a6000-7fcce53a6000 rw-s ad7a0000 00:05 12004                      /dev/nvidia0
7fcce53a6000-7fcce55a6000 rw-s 73615000 00:05 12004                      /dev/nvidia0
7fcce55a6000-7fcce57a6000 rw-s 8b33b000 00:05 12004                      /dev/nvidia0
7fcce57a6000-7fcce58a6000 rw-s 78fc8000 00:05 12004                      /dev/nvidia0
7fcce58a6000-7fcce72ed000 r-xp 00000000 08:09 790500                     /usr/lib64/libnvidia-glcore.so.319.32
7fcce72ed000-7fcce74ed000 ---p 01a47000 08:09 790500                     /usr/lib64/libnvidia-glcore.so.319.32
7fcce74ed000-7fcce7de4000 rwxp 01a47000 08:09 790500                     /usr/lib64/libnvidia-glcore.so.319.32
7fcce7de4000-7fcce7dfd000 rwxp 00000000 00:00 0 
7fcce7dfd000-7fcce7e00000 r-xp 00000000 08:09 929111                     /usr/lib64/tls/libnvidia-tls.so.319.32
7fcce7e00000-7fcce7fff000 ---p 00003000 08:09 929111                     /usr/lib64/tls/libnvidia-tls.so.319.32
7fcce7fff000-7fcce8000000 rw-p 00002000 08:09 929111                     /usr/lib64/tls/libnvidia-tls.so.319.32
7fcce8000000-7fcce8021000 rw-p 00000000 00:00 0 
7fcce8021000-7fccec000000 ---p 00000000 00:00 0 
7fccec000000-7fccec021000 rw-p 00000000 00:00 0 
7fccec021000-7fccf0000000 ---p 00000000 00:00 0 
7fccf0000000-7fccf0021000 rw-p 00000000 00:00 0 
7fccf0021000-7fccf4000000 ---p 00000000 00:00 0 
7fccf4000000-7fccf4021000 rw-p 00000000 00:00 0 
7fccf4021000-7fccf8000000 ---p 00000000 00:00 0 
7fccf8000000-7fccf8021000 rw-p 00000000 00:00 0 
7fccf8021000-7fccfc000000 ---p 00000000 00:00 0 
7fccfc000000-7fccfc021000 rw-p 00000000 00:00 0 
7fccfc021000-7fcd00000000 ---p 00000000 00:00 0 
7fcd000c8000-7fcd000cf000 rw-s 5e145000 00:05 12004                      /dev/nvidia0
7fcd000cf000-7fcd000ef000 rw-s b0120000 00:05 12004                      /dev/nvidia0
7fcd000ef000-7fcd0012f000 rw-s 27826000 00:05 12004                      /dev/nvidia0
7fcd0012f000-7fcd0014f000 rw-s 1f32d000 00:05 12004                      /dev/nvidia0
7fcd0014f000-7fcd00150000 rw-s bff6d000 00:05 12004                      /dev/nvidia0
7fcd00150000-7fcd0022a000 r-xp 00000000 08:09 1051643                    /usr/X11R6/lib64/libGL.so.319.32
7fcd0022a000-7fcd00429000 ---p 000da000 08:09 1051643                    /usr/X11R6/lib64/libGL.so.319.32
7fcd00429000-7fcd00468000 rwxp 000d9000 08:09 1051643                    /usr/X11R6/lib64/libGL.so.319.32
7fcd00468000-7fcd0047e000 rwxp 00000000 00:00 0 
7fcd0047e000-7fcd00483000 r-xp 00000000 08:09 794194                     /usr/lib64/libXxf86vm.so.1.0.0
7fcd00483000-7fcd00682000 ---p 00005000 08:09 794194                     /usr/lib64/libXxf86vm.so.1.0.0
7fcd00682000-7fcd00683000 r--p 00004000 08:09 794194                     /usr/lib64/libXxf86vm.so.1.0.0
7fcd00683000-7fcd00684000 rw-p 00005000 08:09 794194                     /usr/lib64/libXxf86vm.so.1.0.0
7fcd00684000-7fcd006ee000 r-xp 00000000 08:08 13895455                   /data2/Z-Ray/Applications/space_conflicts_empires/dist-prefix/lin64/liblwjgl64.so
7fcd006ee000-7fcd008ee000 ---p 0006a000 08:08 13895455                   /data2/Z-Ray/Applications/space_conflicts_empires/dist-prefix/lin64/liblwjgl64.so
7fcd008ee000-7fcd008f0000 r--p 0006a000 08:08 13895455                   /data2/Z-Ray/Applications/space_conflicts_empires/dist-prefix/lin64/liblwjgl64.so
7fcd008f0000-7fcd008f1000 rw-p 0006c000 08:08 13895455                   /data2/Z-Ray/Applications/space_conflicts_empires/dist-prefix/lin64/liblwjgl64.so
7fcd008f1000-7fcd008f2000 r-xp 00000000 08:09 933148                     /usr/lib64/jvm/java-1.7.0-openjdk-1.7.0/jre/lib/amd64/libjawt.so
7fcd008f2000-7fcd00af1000 ---p 00001000 08:09 933148                     /usr/lib64/jvm/java-1.7.0-openjdk-1.7.0/jre/lib/amd64/libjawt.so
7fcd00af1000-7fcd00af2000 r--p 00000000 08:09 933148                     /usr/lib64/jvm/java-1.7.0-openjdk-1.7.0/jre/lib/amd64/libjawt.so
7fcd00af2000-7fcd00af3000 rw-p 00001000 08:09 933148                     /usr/lib64/jvm/java-1.7.0-openjdk-1.7.0/jre/lib/amd64/libjawt.so
7fcd00af3000-7fcd00af6000 ---p 00000000 00:00 0 
7fcd00af6000-7fcd00bf4000 rw-p 00000000 00:00 0                          [stack:12806]
7fcd00bf4000-7fcd00bf7000 ---p 00000000 00:00 0 
7fcd00bf7000-7fcd00cf5000 rw-p 00000000 00:00 0                          [stack:12803]
7fcd00cf5000-7fcd00cf8000 ---p 00000000 00:00 0 
7fcd00cf8000-7fcd00df6000 rw-p 00000000 00:00 0                          [stack:12802]
7fcd00df6000-7fcd00e06000 r-xp 00000000 08:09 934987                     /usr/lib64/jvm/java-1.7.0-openjdk-1.7.0/jre/lib/amd64/libnio.so
7fcd00e06000-7fcd01006000 ---p 00010000 08:09 934987                     /usr/lib64/jvm/java-1.7.0-openjdk-1.7.0/jre/lib/amd64/libnio.so
7fcd01006000-7fcd01007000 r--p 00010000 08:09 934987                     /usr/lib64/jvm/java-1.7.0-openjdk-1.7.0/jre/lib/amd64/libnio.so
7fcd01007000-7fcd01008000 rw-p 00011000 08:09 934987                     /usr/lib64/jvm/java-1.7.0-openjdk-1.7.0/jre/lib/amd64/libnio.so
7fcd01008000-7fcd0101e000 r-xp 00000000 08:09 933156                     /usr/lib64/jvm/java-1.7.0-openjdk-1.7.0/jre/lib/amd64/libnet.so
7fcd0101e000-7fcd0121d000 ---p 00016000 08:09 933156                     /usr/lib64/jvm/java-1.7.0-openjdk-1.7.0/jre/lib/amd64/libnet.so
7fcd0121d000-7fcd0121e000 r--p 00015000 08:09 933156                     /usr/lib64/jvm/java-1.7.0-openjdk-1.7.0/jre/lib/amd64/libnet.so
7fcd0121e000-7fcd0121f000 rw-p 00016000 08:09 933156                     /usr/lib64/jvm/java-1.7.0-openjdk-1.7.0/jre/lib/amd64/libnet.so
7fcd0121f000-7fcd0126b000 r-xp 00000000 08:09 933137                     /usr/lib64/jvm/java-1.7.0-openjdk-1.7.0/jre/lib/amd64/libfontmanager.so
7fcd0126b000-7fcd0146a000 ---p 0004c000 08:09 933137                     /usr/lib64/jvm/java-1.7.0-openjdk-1.7.0/jre/lib/amd64/libfontmanager.so
7fcd0146a000-7fcd0146d000 r--p 0004b000 08:09 933137                     /usr/lib64/jvm/java-1.7.0-openjdk-1.7.0/jre/lib/amd64/libfontmanager.so
7fcd0146d000-7fcd0146e000 rw-p 0004e000 08:09 933137                     /usr/lib64/jvm/java-1.7.0-openjdk-1.7.0/jre/lib/amd64/libfontmanager.so
7fcd0146e000-7fcd01471000 ---p 00000000 00:00 0 
7fcd01471000-7fcd0156f000 rw-p 00000000 00:00 0                          [stack:12798]
7fcd0156f000-7fcd0268f000 r--p 00000000 08:09 790413                     /usr/lib64/libicudata.so.49.1
7fcd0268f000-7fcd0288e000 ---p 01120000 08:09 790413                     /usr/lib64/libicudata.so.49.1
7fcd0288e000-7fcd0288f000 r--p 0111f000 08:09 790413                     /usr/lib64/libicudata.so.49.1
7fcd0288f000-7fcd02892000 r-xp 00000000 08:09 392477                     /lib64/libkeyutils.so.1.4
7fcd02892000-7fcd02a91000 ---p 00003000 08:09 392477                     /lib64/libkeyutils.so.1.4
7fcd02a91000-7fcd02a92000 r--p 00002000 08:09 392477                     /lib64/libkeyutils.so.1.4
7fcd02a92000-7fcd02a93000 rw-p 00003000 08:09 392477                     /lib64/libkeyutils.so.1.4
7fcd02a93000-7fcd02bfb000 r-xp 00000000 08:09 790443                     /usr/lib64/libicuuc.so.49.1
7fcd02bfb000-7fcd02dfa000 ---p 00168000 08:09 790443                     /usr/lib64/libicuuc.so.49.1
7fcd02dfa000-7fcd02e0b000 r--p 00167000 08:09 790443                     /usr/lib64/libicuuc.so.49.1
7fcd02e0b000-7fcd02e0c000 rw-p 00178000 08:09 790443                     /usr/lib64/libicuuc.so.49.1
7fcd02e0c000-7fcd02e10000 rw-p 00000000 00:00 0 
7fcd02e10000-7fcd02e50000 r-xp 00000000 08:09 790553                     /usr/lib64/libicule.so.49.1
7fcd02e50000-7fcd03050000 ---p 00040000 08:09 790553                     /usr/lib64/libicule.so.49.1
7fcd03050000-7fcd03052000 r--p 00040000 08:09 790553                     /usr/lib64/libicule.so.49.1
7fcd03052000-7fcd03053000 rw-p 00042000 08:09 790553                     /usr/lib64/libicule.so.49.1
7fcd03053000-7fcd0305c000 r-xp 00000000 08:09 794098                     /usr/lib64/libkrb5support.so.0.1
7fcd0305c000-7fcd0325b000 ---p 00009000 08:09 794098                     /usr/lib64/libkrb5support.so.0.1
7fcd0325b000-7fcd0325c000 r--p 00008000 08:09 794098                     /usr/lib64/libkrb5support.so.0.1
7fcd0325c000-7fcd0325d000 rw-p 00009000 08:09 794098                     /usr/lib64/libkrb5support.so.0.1
7fcd0325d000-7fcd03260000 r-xp 00000000 08:09 790621                     /usr/lib64/libcom_err.so.2.1
7fcd03260000-7fcd0345f000 ---p 00003000 08:09 790621                     /usr/lib64/libcom_err.so.2.1
7fcd0345f000-7fcd03460000 r--p 00002000 08:09 790621                     /usr/lib64/libcom_err.so.2.1
7fcd03460000-7fcd03461000 rw-p 00003000 08:09 790621                     /usr/lib64/libcom_err.so.2.1
7fcd03461000-7fcd03487000 r-xp 00000000 08:09 793527                     /usr/lib64/libk5crypto.so.3.1
7fcd03487000-7fcd03687000 ---p 00026000 08:09 793527                     /usr/lib64/libk5crypto.so.3.1
7fcd03687000-7fcd03688000 r--p 00026000 08:09 793527                     /usr/lib64/libk5crypto.so.3.1
7fcd03688000-7fcd03689000 rw-p 00027000 08:09 793527                     /usr/lib64/libk5crypto.so.3.1
7fcd03689000-7fcd0368a000 rw-p 00000000 00:00 0 
7fcd0368a000-7fcd03753000 r-xp 00000000 08:09 793609                     /usr/lib64/libkrb5.so.3.3
7fcd03753000-7fcd03952000 ---p 000c9000 08:09 793609                     /usr/lib64/libkrb5.so.3.3
7fcd03952000-7fcd0395c000 r--p 000c8000 08:09 793609                     /usr/lib64/libkrb5.so.3.3
7fcd0395c000-7fcd0395e000 rw-p 000d2000 08:09 793609                     /usr/lib64/libkrb5.so.3.3
7fcd0395e000-7fcd039f0000 r-xp 00000000 08:09 790482                     /usr/lib64/libharfbuzz.so.0.911.0
7fcd039f0000-7fcd03bf0000 ---p 00092000 08:09 790482                     /usr/lib64/libharfbuzz.so.0.911.0
7fcd03bf0000-7fcd03bf2000 r--p 00092000 08:09 790482                     /usr/lib64/libharfbuzz.so.0.911.0
7fcd03bf2000-7fcd03bf3000 rw-p 00094000 08:09 790482                     /usr/lib64/libharfbuzz.so.0.911.0
7fcd03bf3000-7fcd03bfb000 r-xp 00000000 08:09 793993                     /usr/lib64/libxcb-render.so.0.0.0
7fcd03bfb000-7fcd03dfb000 ---p 00008000 08:09 793993                     /usr/lib64/libxcb-render.so.0.0.0
7fcd03dfb000-7fcd03dfc000 r--p 00008000 08:09 793993                     /usr/lib64/libxcb-render.so.0.0.0
7fcd03dfc000-7fcd03dfd000 rw-p 00009000 08:09 793993                     /usr/lib64/libxcb-render.so.0.0.0
7fcd03dfd000-7fcd03dff000 r-xp 00000000 08:09 794246                     /usr/lib64/libxcb-shm.so.0.0.0
7fcd03dff000-7fcd03ffe000 ---p 00002000 08:09 794246                     /usr/lib64/libxcb-shm.so.0.0.0
7fcd03ffe000-7fcd03fff000 r--p 00001000 08:09 794246                     /usr/lib64/libxcb-shm.so.0.0.0
7fcd03fff000-7fcd04000000 rw-p 00002000 08:09 794246                     /usr/lib64/libxcb-shm.so.0.0.0
7fcd04000000-7fcd055b2000 rw-p 00000000 00:00 0 
7fcd055b2000-7fcd08000000 ---p 00000000 00:00 0 
7fcd08000000-7fcd08021000 rw-p 00000000 00:00 0 
7fcd08021000-7fcd0c000000 ---p 00000000 00:00 0 
7fcd0c000000-7fcd0c021000 rw-p 00000000 00:00 0 
7fcd0c021000-7fcd10000000 ---p 00000000 00:00 0 
7fcd10000000-7fcd10bd1000 rw-p 00000000 00:00 0 
7fcd10bd1000-7fcd14000000 ---p 00000000 00:00 0 
7fcd14000000-7fcd14021000 rw-p 00000000 00:00 0 
7fcd14021000-7fcd18000000 ---p 00000000 00:00 0 
7fcd18000000-7fcd18021000 rw-p 00000000 00:00 0 
7fcd18021000-7fcd1c000000 ---p 00000000 00:00 0 
7fcd1c000000-7fcd1c02f000 rw-p 00000000 00:00 0 
7fcd1c02f000-7fcd20000000 ---p 00000000 00:00 0 
7fcd20000000-7fcd20021000 rw-p 00000000 00:00 0 
7fcd20021000-7fcd24000000 ---p 00000000 00:00 0 
7fcd24000000-7fcd24021000 rw-p 00000000 00:00 0 
7fcd24021000-7fcd28000000 ---p 00000000 00:00 0 
7fcd28000000-7fcd28040000 rw-s 83e4c000 00:05 12004                      /dev/nvidia0
7fcd28040000-7fcd28060000 rw-s ab992000 00:05 12004                      /dev/nvidia0
7fcd28060000-7fcd280a0000 rw-s 90bc2000 00:05 12004                      /dev/nvidia0
7fcd280a0000-7fcd28131000 r-xp 00000000 08:09 790407                     /usr/lib64/libpixman-1.so.0.28.2
7fcd28131000-7fcd28330000 ---p 00091000 08:09 790407                     /usr/lib64/libpixman-1.so.0.28.2
7fcd28330000-7fcd28337000 r--p 00090000 08:09 790407                     /usr/lib64/libpixman-1.so.0.28.2
7fcd28337000-7fcd28338000 rw-p 00097000 08:09 790407                     /usr/lib64/libpixman-1.so.0.28.2
7fcd28338000-7fcd284e2000 r-xp 00000000 08:09 392555                     /lib64/libcrypto.so.1.0.0
7fcd284e2000-7fcd286e1000 ---p 001aa000 08:09 392555                     /lib64/libcrypto.so.1.0.0
7fcd286e1000-7fcd286fc000 r--p 001a9000 08:09 392555                     /lib64/libcrypto.so.1.0.0
7fcd286fc000-7fcd28707000 rw-p 001c4000 08:09 392555                     /lib64/libcrypto.so.1.0.0
7fcd28707000-7fcd2870b000 rw-p 00000000 00:00 0 
7fcd2870b000-7fcd2876b000 r-xp 00000000 08:09 392696                     /lib64/libssl.so.1.0.0
7fcd2876b000-7fcd2896a000 ---p 00060000 08:09 392696                     /lib64/libssl.so.1.0.0
7fcd2896a000-7fcd2896e000 r--p 0005f000 08:09 392696                     /lib64/libssl.so.1.0.0
7fcd2896e000-7fcd28974000 rw-p 00063000 08:09 392696                     /lib64/libssl.so.1.0.0
7fcd28974000-7fcd28975000 rw-p 00000000 00:00 0 
7fcd28975000-7fcd289b1000 r-xp 00000000 08:09 793994                     /usr/lib64/libgssapi_krb5.so.2.2
7fcd289b1000-7fcd28bb1000 ---p 0003c000 08:09 793994                     /usr/lib64/libgssapi_krb5.so.2.2
7fcd28bb1000-7fcd28bb2000 r--p 0003c000 08:09 793994                     /usr/lib64/libgssapi_krb5.so.2.2
7fcd28bb2000-7fcd28bb4000 rw-p 0003d000 08:09 793994                     /usr/lib64/libgssapi_krb5.so.2.2
7fcd28bb4000-7fcd28c0f000 r-xp 00000000 08:09 790430                     /usr/lib64/libpcre.so.1.0.1
7fcd28c0f000-7fcd28e0f000 ---p 0005b000 08:09 790430                     /usr/lib64/libpcre.so.1.0.1
7fcd28e0f000-7fcd28e10000 r--p 0005b000 08:09 790430                     /usr/lib64/libpcre.so.1.0.1
7fcd28e10000-7fcd28e11000 rw-p 0005c000 08:09 790430                     /usr/lib64/libpcre.so.1.0.1
7fcd28e11000-7fcd28e18000 r-xp 00000000 08:09 789124                     /usr/lib64/libffi.so.4.0.1
7fcd28e18000-7fcd29017000 ---p 00007000 08:09 789124                     /usr/lib64/libffi.so.4.0.1
7fcd29017000-7fcd29018000 r--p 00006000 08:09 789124                     /usr/lib64/libffi.so.4.0.1
7fcd29018000-7fcd29019000 rw-p 00007000 08:09 789124                     /usr/lib64/libffi.so.4.0.1
7fcd29019000-7fcd2903f000 r-xp 00000000 08:09 790434                     /usr/lib64/libexpat.so.1.6.0
7fcd2903f000-7fcd2923f000 ---p 00026000 08:09 790434                     /usr/lib64/libexpat.so.1.6.0
7fcd2923f000-7fcd29241000 r--p 00026000 08:09 790434                     /usr/lib64/libexpat.so.1.6.0
7fcd29241000-7fcd29242000 rw-p 00028000 08:09 790434                     /usr/lib64/libexpat.so.1.6.0
7fcd29242000-7fcd292ca000 r-xp 00000000 08:09 790589                     /usr/lib64/libfreetype.so.6.10.0
7fcd292ca000-7fcd294ca000 ---p 00088000 08:09 790589                     /usr/lib64/libfreetype.so.6.10.0
7fcd294ca000-7fcd294cf000 r--p 00088000 08:09 790589                     /usr/lib64/libfreetype.so.6.10.0
7fcd294cf000-7fcd294d0000 rw-p 0008d000 08:09 790589                     /usr/lib64/libfreetype.so.6.10.0
7fcd294d0000-7fcd294e3000 r-xp 00000000 08:09 392466                     /lib64/libresolv-2.17.so
7fcd294e3000-7fcd296e3000 ---p 00013000 08:09 392466                     /lib64/libresolv-2.17.so
7fcd296e3000-7fcd296e4000 r--p 00013000 08:09 392466                     /lib64/libresolv-2.17.so
7fcd296e4000-7fcd296e5000 rw-p 00014000 08:09 392466                     /lib64/libresolv-2.17.so
7fcd296e5000-7fcd296e7000 rw-p 00000000 00:00 0 
7fcd296e7000-7fcd29705000 r-xp 00000000 08:09 392493                     /lib64/libselinux.so.1
7fcd29705000-7fcd29904000 ---p 0001e000 08:09 392493                     /lib64/libselinux.so.1
7fcd29904000-7fcd29905000 r--p 0001d000 08:09 392493                     /lib64/libselinux.so.1
7fcd29905000-7fcd29906000 rw-p 0001e000 08:09 392493                     /lib64/libselinux.so.1
7fcd29906000-7fcd29907000 rw-p 00000000 00:00 0 
7fcd29907000-7fcd29909000 r-xp 00000000 08:09 791228                     /usr/lib64/libXdamage.so.1.1.0
7fcd29909000-7fcd29b08000 ---p 00002000 08:09 791228                     /usr/lib64/libXdamage.so.1.1.0
7fcd29b08000-7fcd29b09000 r--p 00001000 08:09 791228                     /usr/lib64/libXdamage.so.1.1.0
7fcd29b09000-7fcd29b0a000 rw-p 00002000 08:09 791228                     /usr/lib64/libXdamage.so.1.1.0
7fcd29b0a000-7fcd29b0c000 r-xp 00000000 08:09 791233                     /usr/lib64/libXcomposite.so.1.0.0
7fcd29b0c000-7fcd29d0b000 ---p 00002000 08:09 791233                     /usr/lib64/libXcomposite.so.1.0.0
7fcd29d0b000-7fcd29d0c000 r--p 00001000 08:09 791233                     /usr/lib64/libXcomposite.so.1.0.0
7fcd29d0c000-7fcd29d0d000 rw-p 00002000 08:09 791233                     /usr/lib64/libXcomposite.so.1.0.0
7fcd29d0d000-7fcd29d16000 r-xp 00000000 08:09 793456                     /usr/lib64/libXrandr.so.2.2.0
7fcd29d16000-7fcd29f15000 ---p 00009000 08:09 793456                     /usr/lib64/libXrandr.so.2.2.0
7fcd29f15000-7fcd29f16000 r--p 00008000 08:09 793456                     /usr/lib64/libXrandr.so.2.2.0
7fcd29f16000-7fcd29f17000 rw-p 00009000 08:09 793456                     /usr/lib64/libXrandr.so.2.2.0
7fcd29f17000-7fcd29f19000 r-xp 00000000 08:09 793572                     /usr/lib64/libXinerama.so.1.0.0
7fcd29f19000-7fcd2a118000 ---p 00002000 08:09 793572                     /usr/lib64/libXinerama.so.1.0.0
7fcd2a118000-7fcd2a119000 r--p 00001000 08:09 793572                     /usr/lib64/libXinerama.so.1.0.0
7fcd2a119000-7fcd2a11a000 rw-p 00002000 08:09 793572                     /usr/lib64/libXinerama.so.1.0.0
7fcd2a11a000-7fcd2a12d000 r-xp 00000000 08:09 793608                     /usr/lib64/libpangoft2-1.0.so.0.3200.5
7fcd2a12d000-7fcd2a32c000 ---p 00013000 08:09 793608                     /usr/lib64/libpangoft2-1.0.so.0.3200.5
7fcd2a32c000-7fcd2a32d000 r--p 00012000 08:09 793608                     /usr/lib64/libpangoft2-1.0.so.0.3200.5
7fcd2a32d000-7fcd2a32e000 rw-p 00013000 08:09 793608                     /usr/lib64/libpangoft2-1.0.so.0.3200.5
7fcd2a32e000-7fcd2a428000 r-xp 00000000 08:09 793709                     /usr/lib64/libcairo.so.2.11200.8
7fcd2a428000-7fcd2a627000 ---p 000fa000 08:09 793709                     /usr/lib64/libcairo.so.2.11200.8
7fcd2a627000-7fcd2a62a000 r--p 000f9000 08:09 793709                     /usr/lib64/libcairo.so.2.11200.8
7fcd2a62a000-7fcd2a62b000 rw-p 000fc000 08:09 793709                     /usr/lib64/libcairo.so.2.11200.8
7fcd2a62b000-7fcd2a62d000 rw-p 00000000 00:00 0 
7fcd2a62d000-7fcd2a64e000 r-xp 00000000 08:09 791894                     /usr/lib64/libatk-1.0.so.0.20609.1
7fcd2a64e000-7fcd2a84d000 ---p 00021000 08:09 791894                     /usr/lib64/libatk-1.0.so.0.20609.1
7fcd2a84d000-7fcd2a84f000 r--p 00020000 08:09 791894                     /usr/lib64/libatk-1.0.so.0.20609.1
7fcd2a84f000-7fcd2a850000 rw-p 00022000 08:09 791894                     /usr/lib64/libatk-1.0.so.0.20609.1
7fcd2a850000-7fcd2a85c000 r-xp 00000000 08:09 793630                     /usr/lib64/libpangocairo-1.0.so.0.3200.5
7fcd2a85c000-7fcd2aa5b000 ---p 0000c000 08:09 793630                     /usr/lib64/libpangocairo-1.0.so.0.3200.5
7fcd2aa5b000-7fcd2aa5c000 r--p 0000b000 08:09 793630                     /usr/lib64/libpangocairo-1.0.so.0.3200.5
7fcd2aa5c000-7fcd2aa5d000 rw-p 0000c000 08:09 793630                     /usr/lib64/libpangocairo-1.0.so.0.3200.5
7fcd2aa5d000-7fcd2aa60000 r-xp 00000000 08:09 790548                     /usr/lib64/libgmodule-2.0.so.0.3400.3
7fcd2aa60000-7fcd2ac5f000 ---p 00003000 08:09 790548                     /usr/lib64/libgmodule-2.0.so.0.3400.3
7fcd2ac5f000-7fcd2ac60000 r--p 00002000 08:09 790548                     /usr/lib64/libgmodule-2.0.so.0.3400.3
7fcd2ac60000-7fcd2ac61000 rw-p 00003000 08:09 790548                     /usr/lib64/libgmodule-2.0.so.0.3400.3
7fcd2ac61000-7fcd2acb3000 r-xp 00000000 08:09 790446                     /usr/lib64/libcups.so.2
7fcd2acb3000-7fcd2aeb3000 ---p 00052000 08:09 790446                     /usr/lib64/libcups.so.2
7fcd2aeb3000-7fcd2aeb7000 r--p 00052000 08:09 790446                     /usr/lib64/libcups.so.2
7fcd2aeb7000-7fcd2aeb8000 rw-p 00056000 08:09 790446                     /usr/lib64/libcups.so.2
7fcd2aeb8000-7fcd2afaf000 r-xp 00000000 08:09 790527                     /usr/lib64/libglib-2.0.so.0.3400.3
7fcd2afaf000-7fcd2b1ae000 ---p 000f7000 08:09 790527                     /usr/lib64/libglib-2.0.so.0.3400.3
7fcd2b1ae000-7fcd2b1af000 r--p 000f6000 08:09 790527                     /usr/lib64/libglib-2.0.so.0.3400.3
7fcd2b1af000-7fcd2b1b0000 rw-p 000f7000 08:09 790527                     /usr/lib64/libglib-2.0.so.0.3400.3
7fcd2b1b0000-7fcd2b1b1000 rw-p 00000000 00:00 0 
7fcd2b1b1000-7fcd2b1b2000 r-xp 00000000 08:09 791949                     /usr/lib64/libgthread-2.0.so.0.3400.3
7fcd2b1b2000-7fcd2b3b1000 ---p 00001000 08:09 791949                     /usr/lib64/libgthread-2.0.so.0.3400.3
7fcd2b3b1000-7fcd2b3b2000 r--p 00000000 08:09 791949                     /usr/lib64/libgthread-2.0.so.0.3400.3
7fcd2b3b2000-7fcd2b3b3000 rw-p 00001000 08:09 791949                     /usr/lib64/libgthread-2.0.so.0.3400.3
7fcd2b3b3000-7fcd2b400000 r-xp 00000000 08:09 790418                     /usr/lib64/libgobject-2.0.so.0.3400.3
7fcd2b400000-7fcd2b600000 ---p 0004d000 08:09 790418                     /usr/lib64/libgobject-2.0.so.0.3400.3
7fcd2b600000-7fcd2b601000 r--p 0004d000 08:09 790418                     /usr/lib64/libgobject-2.0.so.0.3400.3
7fcd2b601000-7fcd2b602000 rw-p 0004e000 08:09 790418                     /usr/lib64/libgobject-2.0.so.0.3400.3
7fcd2b602000-7fcd2b63a000 r-xp 00000000 08:09 789115                     /usr/lib64/libfontconfig.so.1.6.2
7fcd2b63a000-7fcd2b83a000 ---p 00038000 08:09 789115                     /usr/lib64/libfontconfig.so.1.6.2
7fcd2b83a000-7fcd2b83b000 r--p 00038000 08:09 789115                     /usr/lib64/libfontconfig.so.1.6.2
7fcd2b83b000-7fcd2b83c000 rw-p 00039000 08:09 789115                     /usr/lib64/libfontconfig.so.1.6.2
7fcd2b83c000-7fcd2b83d000 rw-p 00000000 00:00 0 
7fcd2b83d000-7fcd2b885000 r-xp 00000000 08:09 794301                     /usr/lib64/libpango-1.0.so.0.3200.5
7fcd2b885000-7fcd2ba85000 ---p 00048000 08:09 794301                     /usr/lib64/libpango-1.0.so.0.3200.5
7fcd2ba85000-7fcd2ba87000 r--p 00048000 08:09 794301                     /usr/lib64/libpango-1.0.so.0.3200.5
7fcd2ba87000-7fcd2ba88000 rw-p 0004a000 08:09 794301                     /usr/lib64/libpango-1.0.so.0.3200.5
7fcd2ba88000-7fcd2baa6000 r-xp 00000000 08:09 791900                     /usr/lib64/libgdk_pixbuf-2.0.so.0.2600.5
7fcd2baa6000-7fcd2bca6000 ---p 0001e000 08:09 791900                     /usr/lib64/libgdk_pixbuf-2.0.so.0.2600.5
7fcd2bca6000-7fcd2bca7000 r--p 0001e000 08:09 791900                     /usr/lib64/libgdk_pixbuf-2.0.so.0.2600.5
7fcd2bca7000-7fcd2bca8000 rw-p 0001f000 08:09 791900                     /usr/lib64/libgdk_pixbuf-2.0.so.0.2600.5
7fcd2bca8000-7fcd2bdf8000 r-xp 00000000 08:09 790451                     /usr/lib64/libgio-2.0.so.0.3400.3
7fcd2bdf8000-7fcd2bff8000 ---p 00150000 08:09 790451                     /usr/lib64/libgio-2.0.so.0.3400.3
7fcd2bff8000-7fcd2bffc000 r--p 00150000 08:09 790451                     /usr/lib64/libgio-2.0.so.0.3400.3
7fcd2bffc000-7fcd2bffe000 rw-p 00154000 08:09 790451                     /usr/lib64/libgio-2.0.so.0.3400.3
7fcd2bffe000-7fcd2c000000 rw-p 00000000 00:00 0 
7fcd2c000000-7fcd2c021000 rw-p 00000000 00:00 0 
7fcd2c021000-7fcd30000000 ---p 00000000 00:00 0 
7fcd30013000-7fcd30070000 r--s 00000000 08:09 1976242                    /var/cache/fontconfig/17090aa38d5c6f09fb8c5c354938f1d7-x86_64.cache-3
7fcd30070000-7fcd30073000 ---p 00000000 00:00 0 
7fcd30073000-7fcd30171000 rw-p 00000000 00:00 0                          [stack:12797]
7fcd30171000-7fcd30220000 r-xp 00000000 08:09 793987                     /usr/lib64/libgdk-x11-2.0.so.0.2400.18
7fcd30220000-7fcd3041f000 ---p 000af000 08:09 793987                     /usr/lib64/libgdk-x11-2.0.so.0.2400.18
7fcd3041f000-7fcd30423000 r--p 000ae000 08:09 793987                     /usr/lib64/libgdk-x11-2.0.so.0.2400.18
7fcd30423000-7fcd30425000 rw-p 000b2000 08:09 793987                     /usr/lib64/libgdk-x11-2.0.so.0.2400.18
7fcd30425000-7fcd30851000 r-xp 00000000 08:09 793894                     /usr/lib64/libgtk-x11-2.0.so.0.2400.18
7fcd30851000-7fcd30a51000 ---p 0042c000 08:09 793894                     /usr/lib64/libgtk-x11-2.0.so.0.2400.18
7fcd30a51000-7fcd30a58000 r--p 0042c000 08:09 793894                     /usr/lib64/libgtk-x11-2.0.so.0.2400.18
7fcd30a58000-7fcd30a5c000 rw-p 00433000 08:09 793894                     /usr/lib64/libgtk-x11-2.0.so.0.2400.18
7fcd30a5c000-7fcd30a5e000 rw-p 00000000 00:00 0 
7fcd30a5e000-7fcd30a6d000 r-xp 00000000 08:09 793665                     /usr/lib64/libXi.so.6.1.0
7fcd30a6d000-7fcd30c6c000 ---p 0000f000 08:09 793665                     /usr/lib64/libXi.so.6.1.0
7fcd30c6c000-7fcd30c6d000 r--p 0000e000 08:09 793665                     /usr/lib64/libXi.so.6.1.0
7fcd30c6d000-7fcd30c6e000 rw-p 0000f000 08:09 793665                     /usr/lib64/libXi.so.6.1.0
7fcd30c6e000-7fcd30c73000 r-xp 00000000 08:09 793992                     /usr/lib64/libXtst.so.6.1.0
7fcd30c73000-7fcd30e72000 ---p 00005000 08:09 793992                     /usr/lib64/libXtst.so.6.1.0
7fcd30e72000-7fcd30e73000 r--p 00004000 08:09 793992                     /usr/lib64/libXtst.so.6.1.0
7fcd30e73000-7fcd30e74000 rw-p 00005000 08:09 793992                     /usr/lib64/libXtst.so.6.1.0
7fcd30e90000-7fcd30e9a000 r--p 00000000 08:09 1576214                    /usr/share/locale-bundle/de/LC_MESSAGES/pulseaudio.mo
7fcd30e9a000-7fcd30eaf000 rw-s 148c7d000 00:05 12004                     /dev/nvidia0
7fcd30eaf000-7fcd30f01000 r-xp 00000000 08:09 934994                     /usr/lib64/jvm/java-1.7.0-openjdk-1.7.0/jre/lib/amd64/xawt/libmawt.so
7fcd30f01000-7fcd31101000 ---p 00052000 08:09 934994                     /usr/lib64/jvm/java-1.7.0-openjdk-1.7.0/jre/lib/amd64/xawt/libmawt.so
7fcd31101000-7fcd31102000 r--p 00052000 08:09 934994                     /usr/lib64/jvm/java-1.7.0-openjdk-1.7.0/jre/lib/amd64/xawt/libmawt.so
7fcd31102000-7fcd31105000 rw-p 00053000 08:09 934994                     /usr/lib64/jvm/java-1.7.0-openjdk-1.7.0/jre/lib/amd64/xawt/libmawt.so
7fcd31105000-7fcd31106000 rw-p 00000000 00:00 0 
7fcd31106000-7fcd311a8000 r-xp 00000000 08:09 933134                     /usr/lib64/jvm/java-1.7.0-openjdk-1.7.0/jre/lib/amd64/libawt.so
7fcd311a8000-7fcd313a7000 ---p 000a2000 08:09 933134                     /usr/lib64/jvm/java-1.7.0-openjdk-1.7.0/jre/lib/amd64/libawt.so
7fcd313a7000-7fcd313a8000 r--p 000a1000 08:09 933134                     /usr/lib64/jvm/java-1.7.0-openjdk-1.7.0/jre/lib/amd64/libawt.so
7fcd313a8000-7fcd313b3000 rw-p 000a2000 08:09 933134                     /usr/lib64/jvm/java-1.7.0-openjdk-1.7.0/jre/lib/amd64/libawt.so
7fcd313b3000-7fcd313d8000 rw-p 00000000 00:00 0 
7fcd313d8000-7fcd313d9000 ---p 00000000 00:00 0 
7fcd313d9000-7fcd314d9000 rw-p 00000000 00:00 0 
7fcd314d9000-7fcd314dc000 ---p 00000000 00:00 0 
7fcd314dc000-7fcd315da000 rw-p 00000000 00:00 0                          [stack:12794]
7fcd315da000-7fcd315dd000 ---p 00000000 00:00 0 
7fcd315dd000-7fcd316db000 rw-p 00000000 00:00 0                          [stack:12793]
7fcd316db000-7fcd316de000 ---p 00000000 00:00 0 
7fcd316de000-7fcd317dc000 rw-p 00000000 00:00 0                          [stack:12792]
7fcd317dc000-7fcd317df000 ---p 00000000 00:00 0 
7fcd317df000-7fcd318dd000 rw-p 00000000 00:00 0                          [stack:12791]
7fcd318dd000-7fcd318e0000 ---p 00000000 00:00 0 
7fcd318e0000-7fcd319de000 rw-p 00000000 00:00 0                          [stack:12789]
7fcd319de000-7fcd319df000 ---p 00000000 00:00 0 
7fcd319df000-7fcd34000000 rw-p 00000000 00:00 0                          [stack:12788]
7fcd34000000-7fcd3402c000 rw-p 00000000 00:00 0 
7fcd3402c000-7fcd38000000 ---p 00000000 00:00 0 
7fcd38000000-7fcd3861f000 rw-p 00000000 00:00 0 
7fcd3861f000-7fcd3c000000 ---p 00000000 00:00 0 
7fcd3c001000-7fcd3c006000 r--s 0004c000 08:09 933190                     /usr/lib64/jvm/java-1.7.0-openjdk-1.7.0/jre/lib/jsse.jar
7fcd3c006000-7fcd3c008000 rw-p 00000000 00:00 0 
7fcd3c008000-7fcd3c00a000 rw-s 00000000 08:09 523435                     /tmp/gluIegkx (deleted)
7fcd3c00a000-7fcd3c00b000 rw-s 5e144000 00:05 12004                      /dev/nvidia0
7fcd3c00b000-7fcd3c00f000 rw-s 5e140000 00:05 12004                      /dev/nvidia0
7fcd3c00f000-7fcd3c010000 rw-s bff6e000 00:05 12004                      /dev/nvidia0
7fcd3c010000-7fcd3c045000 r--s 00000000 00:10 8792                       /var/run/nscd/dbOfAj35 (deleted)
7fcd3c045000-7fcd3ce53000 rw-p 00000000 00:00 0 
7fcd3ce53000-7fcd3d000000 r--s 01cdf000 08:09 933200                     /usr/lib64/jvm/java-1.7.0-openjdk-1.7.0/jre/lib/rt.jar
7fcd3d000000-7fcd3d270000 rwxp 00000000 00:00 0 
7fcd3d270000-7fcd40116000 rw-p 00000000 00:00 0 
7fcd40116000-7fcd44000000 ---p 00000000 00:00 0 
7fcd44000000-7fcd44001000 rw-s bff6c000 00:05 12004                      /dev/nvidia0
7fcd44001000-7fcd44002000 rw-s fb642000 00:05 12004                      /dev/nvidia0
7fcd44002000-7fcd44003000 r--s 0000b000 08:08 13895442                   /data2/Z-Ray/Applications/space_conflicts_empires/dist-prefix/lib/stack-alloc.jar
7fcd44003000-7fcd44006000 r--s 00000000 08:09 1973535                    /var/cache/fontconfig/d458be102e54cf534d1eef0dcbb02d07-x86_64.cache-3
7fcd44006000-7fcd4402b000 r--s 00000000 08:09 1984084                    /var/cache/fontconfig/7ef2298fde41cc6eeb7af42e48b7d293-x86_64.cache-3
7fcd4402b000-7fcd4405a000 r--s 00000000 08:09 1969167                    /var/cache/fontconfig/8d4af663993b81a124ee82e610bb31f9-x86_64.cache-3
7fcd4405a000-7fcd4405d000 ---p 00000000 00:00 0 
7fcd4405d000-7fcd44093000 rw-p 00000000 00:00 0                          [stack:12800]
7fcd44093000-7fcd44096000 ---p 00000000 00:00 0 
7fcd44096000-7fcd443d6000 rw-p 00000000 00:00 0                          [stack:12790]
7fcd443d6000-7fcd443d7000 ---p 00000000 00:00 0 
7fcd443d7000-7fcd444d7000 rw-p 00000000 00:00 0                          [stack:12787]
7fcd444d7000-7fcd444d8000 ---p 00000000 00:00 0 
7fcd444d8000-7fcd445d8000 rw-p 00000000 00:00 0                          [stack:12786]
7fcd445d8000-7fcd445d9000 ---p 00000000 00:00 0 
7fcd445d9000-7fcd446d9000 rw-p 00000000 00:00 0                          [stack:12785]
7fcd446d9000-7fcd446da000 ---p 00000000 00:00 0 
7fcd446da000-7fcd447e9000 rw-p 00000000 00:00 0                          [stack:12784]
7fcd447e9000-7fcd4482d000 rw-p 00000000 00:00 0 
7fcd4482d000-7fcd4484b000 rw-p 00000000 00:00 0 
7fcd4484b000-7fcd44977000 rw-p 00000000 00:00 0 
7fcd44977000-7fcd44986000 rw-p 00000000 00:00 0 
7fcd44986000-7fcd449ca000 rw-p 00000000 00:00 0 
7fcd449ca000-7fcd449e8000 rw-p 00000000 00:00 0 
7fcd449e8000-7fcd44b14000 rw-p 00000000 00:00 0 
7fcd44b14000-7fcd44bb9000 rw-p 00000000 00:00 0 
7fcd44bb9000-7fcd44bba000 rw-p 00000000 00:00 0 
7fcd44bba000-7fcd44bc2000 r-xp 00000000 08:09 934991                     /usr/lib64/jvm/java-1.7.0-openjdk-1.7.0/jre/lib/amd64/libzip.so
7fcd44bc2000-7fcd44dc1000 ---p 00008000 08:09 934991                     /usr/lib64/jvm/java-1.7.0-openjdk-1.7.0/jre/lib/amd64/libzip.so
7fcd44dc1000-7fcd44dc2000 r--p 00007000 08:09 934991                     /usr/lib64/jvm/java-1.7.0-openjdk-1.7.0/jre/lib/amd64/libzip.so
7fcd44dc2000-7fcd44dc3000 rw-p 00008000 08:09 934991                     /usr/lib64/jvm/java-1.7.0-openjdk-1.7.0/jre/lib/amd64/libzip.so
7fcd44dc3000-7fcd44ded000 r-xp 00000000 08:09 933144                     /usr/lib64/jvm/java-1.7.0-openjdk-1.7.0/jre/lib/amd64/libjava.so
7fcd44ded000-7fcd44fec000 ---p 0002a000 08:09 933144                     /usr/lib64/jvm/java-1.7.0-openjdk-1.7.0/jre/lib/amd64/libjava.so
7fcd44fec000-7fcd44fed000 r--p 00029000 08:09 933144                     /usr/lib64/jvm/java-1.7.0-openjdk-1.7.0/jre/lib/amd64/libjava.so
7fcd44fed000-7fcd44fef000 rw-p 0002a000 08:09 933144                     /usr/lib64/jvm/java-1.7.0-openjdk-1.7.0/jre/lib/amd64/libjava.so
7fcd44fef000-7fcd44ffc000 r-xp 00000000 08:09 934990                     /usr/lib64/jvm/java-1.7.0-openjdk-1.7.0/jre/lib/amd64/libverify.so
7fcd44ffc000-7fcd451fb000 ---p 0000d000 08:09 934990                     /usr/lib64/jvm/java-1.7.0-openjdk-1.7.0/jre/lib/amd64/libverify.so
7fcd451fb000-7fcd451fd000 r--p 0000c000 08:09 934990                     /usr/lib64/jvm/java-1.7.0-openjdk-1.7.0/jre/lib/amd64/libverify.so
7fcd451fd000-7fcd451fe000 rw-p 0000e000 08:09 934990                     /usr/lib64/jvm/java-1.7.0-openjdk-1.7.0/jre/lib/amd64/libverify.so
7fcd451fe000-7fcd45205000 r-xp 00000000 08:09 392450                     /lib64/librt-2.17.so
7fcd45205000-7fcd45404000 ---p 00007000 08:09 392450                     /lib64/librt-2.17.so
7fcd45404000-7fcd45405000 r--p 00006000 08:09 392450                     /lib64/librt-2.17.so
7fcd45405000-7fcd45406000 rw-p 00007000 08:09 392450                     /lib64/librt-2.17.so
7fcd45406000-7fcd45409000 ---p 00000000 00:00 0 
7fcd45409000-7fcd45507000 rw-p 00000000 00:00 0                          [stack:12783]
7fcd45507000-7fcd45546000 r--p 00000000 08:09 919491                     /usr/lib/locale/de_DE.utf8/LC_CTYPE
7fcd45546000-7fcd45547000 r--p 00000000 08:09 938162                     /usr/lib/locale/de_DE.utf8/LC_NUMERIC
7fcd45547000-7fcd45548000 r--p 00000000 08:09 1047289                    /usr/lib/locale/de_DE.utf8/LC_TIME
7fcd45548000-7fcd45678000 r--p 00000000 08:09 1087541                    /usr/lib/locale/de_DE.utf8/LC_COLLATE
7fcd45678000-7fcd45679000 r--p 00000000 08:09 941501                     /usr/lib/locale/de_DE.utf8/LC_MONETARY
7fcd45679000-7fcd4567a000 r--p 00000000 08:09 941328                     /usr/lib/locale/de_DE.utf8/LC_MESSAGES/SYS_LC_MESSAGES
7fcd4567a000-7fcd4567f000 r-xp 00000000 08:09 794281                     /usr/lib64/libXfixes.so.3.1.0
7fcd4567f000-7fcd4587e000 ---p 00005000 08:09 794281                     /usr/lib64/libXfixes.so.3.1.0
7fcd4587e000-7fcd4587f000 r--p 00004000 08:09 794281                     /usr/lib64/libXfixes.so.3.1.0
7fcd4587f000-7fcd45880000 rw-p 00005000 08:09 794281                     /usr/lib64/libXfixes.so.3.1.0
7fcd45880000-7fcd45881000 r--p 00000000 08:09 938163                     /usr/lib/locale/de_DE.utf8/LC_PAPER
7fcd45881000-7fcd45882000 r--p 00000000 08:09 919568                     /usr/lib/locale/de_DE.utf8/LC_NAME
7fcd45882000-7fcd45883000 r--p 00000000 08:09 1047290                    /usr/lib/locale/de_DE.utf8/LC_ADDRESS
7fcd45883000-7fcd4588c000 r-xp 00000000 08:09 794128                     /usr/lib64/libXrender.so.1.3.0
7fcd4588c000-7fcd45a8b000 ---p 00009000 08:09 794128                     /usr/lib64/libXrender.so.1.3.0
7fcd45a8b000-7fcd45a8c000 r--p 00008000 08:09 794128                     /usr/lib64/libXrender.so.1.3.0
7fcd45a8c000-7fcd45a8d000 rw-p 00009000 08:09 794128                     /usr/lib64/libXrender.so.1.3.0
7fcd45a8d000-7fcd45a97000 r-xp 00000000 08:09 793782                     /usr/lib64/libXcursor.so.1.0.2
7fcd45a97000-7fcd45c96000 ---p 0000a000 08:09 793782                     /usr/lib64/libXcursor.so.1.0.2
7fcd45c96000-7fcd45c97000 r--p 00009000 08:09 793782                     /usr/lib64/libXcursor.so.1.0.2
7fcd45c97000-7fcd45c98000 rw-p 0000a000 08:09 793782                     /usr/lib64/libXcursor.so.1.0.2
7fcd45c98000-7fcd45c99000 ---p 00000000 00:00 0 
7fcd45c99000-7fcd46499000 rw-p 00000000 00:00 0                          [stack:12782]
7fcd46499000-7fcd4649c000 r-xp 00000000 08:09 790440                     /usr/lib64/libXau.so.6.0.0
7fcd4649c000-7fcd4669b000 ---p 00003000 08:09 790440                     /usr/lib64/libXau.so.6.0.0
7fcd4669b000-7fcd4669c000 r--p 00002000 08:09 790440                     /usr/lib64/libXau.so.6.0.0
7fcd4669c000-7fcd4669d000 rw-p 00003000 08:09 790440                     /usr/lib64/libXau.so.6.0.0
7fcd4669d000-7fcd466bb000 r-xp 00000000 08:09 786695                     /usr/lib64/libxcb.so.1.1.0
7fcd466bb000-7fcd468bb000 ---p 0001e000 08:09 786695                     /usr/lib64/libxcb.so.1.1.0
7fcd468bb000-7fcd468bc000 r--p 0001e000 08:09 786695                     /usr/lib64/libxcb.so.1.1.0
7fcd468bc000-7fcd468bd000 rw-p 0001f000 08:09 786695                     /usr/lib64/libxcb.so.1.1.0
7fcd468bd000-7fcd468c6000 r-xp 00000000 08:09 792017                     /usr/lib64/libgif.so.4.1.6
7fcd468c6000-7fcd46ac5000 ---p 00009000 08:09 792017                     /usr/lib64/libgif.so.4.1.6
7fcd46ac5000-7fcd46ac6000 r--p 00008000 08:09 792017                     /usr/lib64/libgif.so.4.1.6
7fcd46ac6000-7fcd46ac7000 rw-p 00009000 08:09 792017                     /usr/lib64/libgif.so.4.1.6
7fcd46ac7000-7fcd46af5000 r-xp 00000000 08:09 790441                     /usr/lib64/libpng15.so.15.13.0
7fcd46af5000-7fcd46cf4000 ---p 0002e000 08:09 790441                     /usr/lib64/libpng15.so.15.13.0
7fcd46cf4000-7fcd46cf5000 r--p 0002d000 08:09 790441                     /usr/lib64/libpng15.so.15.13.0
7fcd46cf5000-7fcd46cf6000 rw-p 0002e000 08:09 790441                     /usr/lib64/libpng15.so.15.13.0
7fcd46cf6000-7fcd46d35000 r-xp 00000000 08:09 793907                     /usr/lib64/libjpeg.so.8.0.2
7fcd46d35000-7fcd46f35000 ---p 0003f000 08:09 793907                     /usr/lib64/libjpeg.so.8.0.2
7fcd46f35000-7fcd46f36000 r--p 0003f000 08:09 793907                     /usr/lib64/libjpeg.so.8.0.2
7fcd46f36000-7fcd46f37000 rw-p 00040000 08:09 793907                     /usr/lib64/libjpeg.so.8.0.2
7fcd46f37000-7fcd46f47000 rw-p 00000000 00:00 0 
7fcd46f47000-7fcd46f58000 r-xp 00000000 08:09 794088                     /usr/lib64/libXext.so.6.4.0
7fcd46f58000-7fcd47157000 ---p 00011000 08:09 794088                     /usr/lib64/libXext.so.6.4.0
7fcd47157000-7fcd47158000 r--p 00010000 08:09 794088                     /usr/lib64/libXext.so.6.4.0
7fcd47158000-7fcd47159000 rw-p 00011000 08:09 794088                     /usr/lib64/libXext.so.6.4.0
7fcd47159000-7fcd4728f000 r-xp 00000000 08:09 793936                     /usr/lib64/libX11.so.6.3.0
7fcd4728f000-7fcd4748f000 ---p 00136000 08:09 793936                     /usr/lib64/libX11.so.6.3.0
7fcd4748f000-7fcd47490000 r--p 00136000 08:09 793936                     /usr/lib64/libX11.so.6.3.0
7fcd47490000-7fcd47495000 rw-p 00137000 08:09 793936                     /usr/lib64/libX11.so.6.3.0
7fcd47495000-7fcd4749f000 r-xp 00000000 08:09 934989                     /usr/lib64/jvm/java-1.7.0-openjdk-1.7.0/jre/lib/amd64/libsplashscreen.so
7fcd4749f000-7fcd4769e000 ---p 0000a000 08:09 934989                     /usr/lib64/jvm/java-1.7.0-openjdk-1.7.0/jre/lib/amd64/libsplashscreen.so
7fcd4769e000-7fcd4769f000 r--p 00009000 08:09 934989                     /usr/lib64/jvm/java-1.7.0-openjdk-1.7.0/jre/lib/amd64/libsplashscreen.so
7fcd4769f000-7fcd476a0000 rw-p 0000a000 08:09 934989                     /usr/lib64/jvm/java-1.7.0-openjdk-1.7.0/jre/lib/amd64/libsplashscreen.so
7fcd476a0000-7fcd476a3000 rw-p 00000000 00:00 0 
7fcd476a3000-7fcd476b8000 r-xp 00000000 08:09 392460                     /lib64/libgcc_s.so.1
7fcd476b8000-7fcd478b7000 ---p 00015000 08:09 392460                     /lib64/libgcc_s.so.1
7fcd478b7000-7fcd478b8000 r--p 00014000 08:09 392460                     /lib64/libgcc_s.so.1
7fcd478b8000-7fcd478b9000 rw-p 00015000 08:09 392460                     /lib64/libgcc_s.so.1
7fcd478b9000-7fcd479b6000 r-xp 00000000 08:09 392496                     /lib64/libm-2.17.so
7fcd479b6000-7fcd47bb5000 ---p 000fd000 08:09 392496                     /lib64/libm-2.17.so
7fcd47bb5000-7fcd47bb6000 r--p 000fc000 08:09 392496                     /lib64/libm-2.17.so
7fcd47bb6000-7fcd47bb7000 rw-p 000fd000 08:09 392496                     /lib64/libm-2.17.so
7fcd47bb7000-7fcd47c9f000 r-xp 00000000 08:09 789129                     /usr/lib64/libstdc++.so.6.0.17
7fcd47c9f000-7fcd47e9e000 ---p 000e8000 08:09 789129                     /usr/lib64/libstdc++.so.6.0.17
7fcd47e9e000-7fcd47ea6000 r--p 000e7000 08:09 789129                     /usr/lib64/libstdc++.so.6.0.17
7fcd47ea6000-7fcd47ea8000 rw-p 000ef000 08:09 789129                     /usr/lib64/libstdc++.so.6.0.17
7fcd47ea8000-7fcd47ebd000 rw-p 00000000 00:00 0 
7fcd47ebd000-7fcd48981000 r-xp 00000000 08:09 933169                     /usr/lib64/jvm/java-1.7.0-openjdk-1.7.0/jre/lib/amd64/server/libjvm.so
7fcd48981000-7fcd48b81000 ---p 00ac4000 08:09 933169                     /usr/lib64/jvm/java-1.7.0-openjdk-1.7.0/jre/lib/amd64/server/libjvm.so
7fcd48b81000-7fcd48c19000 r--p 00ac4000 08:09 933169                     /usr/lib64/jvm/java-1.7.0-openjdk-1.7.0/jre/lib/amd64/server/libjvm.so
7fcd48c19000-7fcd48c3c000 rw-p 00b5c000 08:09 933169                     /usr/lib64/jvm/java-1.7.0-openjdk-1.7.0/jre/lib/amd64/server/libjvm.so
7fcd48c3c000-7fcd48c69000 rw-p 00000000 00:00 0 
7fcd48c69000-7fcd48c7e000 r-xp 00000000 08:09 392494                     /lib64/libz.so.1.2.7
7fcd48c7e000-7fcd48e7d000 ---p 00015000 08:09 392494                     /lib64/libz.so.1.2.7
7fcd48e7d000-7fcd48e7e000 r--p 00014000 08:09 392494                     /lib64/libz.so.1.2.7
7fcd48e7e000-7fcd48e7f000 rw-p 00015000 08:09 392494                     /lib64/libz.so.1.2.7
7fcd48e7f000-7fcd48e96000 r-xp 00000000 08:09 392465                     /lib64/libpthread-2.17.so
7fcd48e96000-7fcd49095000 ---p 00017000 08:09 392465                     /lib64/libpthread-2.17.so
7fcd49095000-7fcd49096000 r--p 00016000 08:09 392465                     /lib64/libpthread-2.17.so
7fcd49096000-7fcd49097000 rw-p 00017000 08:09 392465                     /lib64/libpthread-2.17.so
7fcd49097000-7fcd4909b000 rw-p 00000000 00:00 0 
7fcd4909b000-7fcd4909e000 r-xp 00000000 08:09 392497                     /lib64/libdl-2.17.so
7fcd4909e000-7fcd4929d000 ---p 00003000 08:09 392497                     /lib64/libdl-2.17.so
7fcd4929d000-7fcd4929e000 r--p 00002000 08:09 392497                     /lib64/libdl-2.17.so
7fcd4929e000-7fcd4929f000 rw-p 00003000 08:09 392497                     /lib64/libdl-2.17.so
7fcd4929f000-7fcd49442000 r-xp 00000000 08:09 392474                     /lib64/libc-2.17.so
7fcd49442000-7fcd49642000 ---p 001a3000 08:09 392474                     /lib64/libc-2.17.so
7fcd49642000-7fcd49646000 r--p 001a3000 08:09 392474                     /lib64/libc-2.17.so
7fcd49646000-7fcd49648000 rw-p 001a7000 08:09 392474                     /lib64/libc-2.17.so
7fcd49648000-7fcd4964c000 rw-p 00000000 00:00 0 
7fcd4964c000-7fcd49650000 r--s 0002d000 08:08 13895441                   /data2/Z-Ray/Applications/space_conflicts_empires/dist-prefix/lib/asm-all-3.1.jar
7fcd49650000-7fcd49651000 r--s 0001c000 08:08 13895440                   /data2/Z-Ray/Applications/space_conflicts_empires/dist-prefix/lib/swing-layout-1.0.3.jar
7fcd49651000-7fcd49653000 r--s 0003c000 08:08 13895437                   /data2/Z-Ray/Applications/space_conflicts_empires/dist-prefix/lib/vecmath.jar
7fcd49653000-7fcd4965e000 r--s 000a3000 08:08 13895433                   /data2/Z-Ray/Applications/space_conflicts_empires/dist-prefix/lib/jbullet.jar
7fcd4965e000-7fcd49660000 r--s 0000d000 08:08 13895436                   /data2/Z-Ray/Applications/space_conflicts_empires/dist-prefix/lib/jorbis-0.0.15.jar
7fcd49660000-7fcd49661000 r--s 00001000 08:08 13895439                   /data2/Z-Ray/Applications/space_conflicts_empires/dist-prefix/lib/jogg-0.0.7.jar
7fcd49661000-7fcd49687000 r--p 00000000 08:09 785920                     /usr/share/locale/de/LC_MESSAGES/libc.mo
7fcd49687000-7fcd49693000 r-xp 00000000 08:09 933128                     /usr/lib64/jvm/java-1.7.0-openjdk-1.7.0/jre/lib/amd64/jli/libjli.so
7fcd49693000-7fcd49893000 ---p 0000c000 08:09 933128                     /usr/lib64/jvm/java-1.7.0-openjdk-1.7.0/jre/lib/amd64/jli/libjli.so
7fcd49893000-7fcd49894000 r--p 0000c000 08:09 933128                     /usr/lib64/jvm/java-1.7.0-openjdk-1.7.0/jre/lib/amd64/jli/libjli.so
7fcd49894000-7fcd49895000 rw-p 0000d000 08:09 933128                     /usr/lib64/jvm/java-1.7.0-openjdk-1.7.0/jre/lib/amd64/jli/libjli.so
7fcd49895000-7fcd498b6000 r-xp 00000000 08:09 392480                     /lib64/ld-2.17.so
7fcd498b6000-7fcd498b9000 r--s 00017000 08:08 13895430                   /data2/Z-Ray/Applications/space_conflicts_empires/dist-prefix/lib/slick-util.jar
7fcd498b9000-7fcd498bd000 r--s 00027000 08:08 13895438                   /data2/Z-Ray/Applications/space_conflicts_empires/dist-prefix/lib/lwjgl_util.jar
7fcd498bd000-7fcd498c9000 r--s 00000000 08:09 1976692                    /var/cache/fontconfig/d42e465d3d703735db7577b46e8d64be-x86_64.cache-3
7fcd498c9000-7fcd498d6000 r--s 000e6000 08:08 13895431                   /data2/Z-Ray/Applications/space_conflicts_empires/dist-prefix/lib/lwjgl.jar
7fcd498d6000-7fcd498e0000 rw-p 00000000 00:00 0 
7fcd498e0000-7fcd49996000 rw-p 00000000 00:00 0 
7fcd49996000-7fcd49a23000 rw-p 00000000 00:00 0 
7fcd49a23000-7fcd49a24000 rw-s 1214c1000 00:05 12004                     /dev/nvidia0
7fcd49a24000-7fcd49a25000 rw-s fb641000 00:05 12004                      /dev/nvidia0
7fcd49a25000-7fcd49a26000 rw-s 1047d6000 00:05 12004                     /dev/nvidia0
7fcd49a26000-7fcd49a2f000 r--s 000ba000 08:09 933198                     /usr/lib64/jvm/java-1.7.0-openjdk-1.7.0/jre/lib/resources.jar
7fcd49a2f000-7fcd49a34000 r--s 00030000 08:08 13895432                   /data2/Z-Ray/Applications/space_conflicts_empires/dist-prefix/lib/jinput.jar
7fcd49a34000-7fcd49a41000 r--s 0b316000 08:08 13895412                   /data2/Z-Ray/Applications/space_conflicts_empires/dist-prefix/space_conflicts_empires.jar
7fcd49a41000-7fcd49a44000 r--s 0000f000 08:09 1075626                    /usr/lib64/jvm/java-1.7.0-openjdk-1.7.0/jre/lib/ext/pulse-java.jar
7fcd49a44000-7fcd49a4c000 r--s 00067000 08:09 1075622                    /usr/lib64/jvm/java-1.7.0-openjdk-1.7.0/jre/lib/ext/gnome-java-bridge.jar
7fcd49a4c000-7fcd49a63000 rw-p 00000000 00:00 0 
7fcd49a63000-7fcd49a6b000 rw-s 00000000 08:09 523431                     /tmp/hsperfdata_vortex/12781 (deleted)
7fcd49a6b000-7fcd49a6c000 r--p 00000000 08:09 919515                     /usr/lib/locale/de_DE.utf8/LC_TELEPHONE
7fcd49a6c000-7fcd49a6d000 r--p 00000000 08:09 938192                     /usr/lib/locale/de_DE.utf8/LC_MEASUREMENT
7fcd49a6d000-7fcd49a74000 r--s 00000000 08:09 1048639                    /usr/lib64/gconv/gconv-modules.cache
7fcd49a74000-7fcd49a75000 r--p 00000000 08:09 1047157                    /usr/lib/locale/de_DE.utf8/LC_IDENTIFICATION
7fcd49a75000-7fcd49a76000 rw-s 958a4000 00:05 12004                      /dev/nvidia0
7fcd49a76000-7fcd49a77000 rw-s fb060000 00:05 12004                      /dev/nvidia0
7fcd49a77000-7fcd49a78000 r--s 00000000 08:09 1973352                    /var/cache/fontconfig/6ba42ae0000f58711b5caaf10d690066-x86_64.cache-3
7fcd49a78000-7fcd49a79000 r--p 00000000 00:00 0 
7fcd49a79000-7fcd49aae000 r--s 00000000 00:10 8790                       /var/run/nscd/passwd
7fcd49aae000-7fcd49aaf000 rw-p 00000000 00:00 0 
7fcd49aaf000-7fcd49ab0000 ---p 00000000 00:00 0 
7fcd49ab0000-7fcd49ab6000 rw-p 00000000 00:00 0 
7fcd49ab6000-7fcd49ab7000 r--p 00021000 08:09 392480                     /lib64/ld-2.17.so
7fcd49ab7000-7fcd49ab8000 rw-p 00022000 08:09 392480                     /lib64/ld-2.17.so
7fcd49ab8000-7fcd49ab9000 rw-p 00000000 00:00 0 
7fff4f2f7000-7fff4f318000 rw-p 00000000 00:00 0                          [stack]
7fff4f3ff000-7fff4f400000 r-xp 00000000 00:00 0                          [vdso]
ffffffffff600000-ffffffffff601000 r-xp 00000000 00:00 0                  [vsyscall]

VM Arguments:
jvm_args: -Djava.library.path=./lin64 
java_command: ./space_conflicts_empires.jar
Launcher Type: SUN_STANDARD

Environment Variables:
JAVA_HOME=/usr/java/default
JRE_HOME=/usr/java/default/jre
PATH=/usr/lib64/mpi/gcc/openmpi/bin:/home/vortex/bin:/usr/local/bin:/usr/bin:/bin:/usr/bin/X11:/usr/X11R6/bin:/usr/games:/opt/kde3/bin:/usr/lib/mit/bin:/usr/lib/mit/sbin
LD_LIBRARY_PATH=/usr/lib64/mpi/gcc/openmpi/lib64
SHELL=/bin/bash
DISPLAY=:0
HOSTTYPE=x86_64
OSTYPE=linux
MACHTYPE=x86_64-suse-linux

Signal Handlers:
SIGSEGV: [libjvm.so+0x8f3d20], sa_mask[0]=0x7ffbfeff, sa_flags=0x10000004
SIGBUS: [libjvm.so+0x8f3d20], sa_mask[0]=0x7ffbfeff, sa_flags=0x10000004
SIGFPE: [libjvm.so+0x780310], sa_mask[0]=0x7ffbfeff, sa_flags=0x10000004
SIGPIPE: [libjvm.so+0x780310], sa_mask[0]=0x7ffbfeff, sa_flags=0x10000004
SIGXFSZ: [libjvm.so+0x780310], sa_mask[0]=0x7ffbfeff, sa_flags=0x10000004
SIGILL: [libjvm.so+0x780310], sa_mask[0]=0x7ffbfeff, sa_flags=0x10000004
SIGUSR1: SIG_DFL, sa_mask[0]=0x00000000, sa_flags=0x00000000
SIGUSR2: [libjvm.so+0x7805f0], sa_mask[0]=0x00000000, sa_flags=0x10000004
SIGHUP: [libjvm.so+0x780760], sa_mask[0]=0x7ffbfeff, sa_flags=0x10000004
SIGINT: [libjvm.so+0x780760], sa_mask[0]=0x7ffbfeff, sa_flags=0x10000004
SIGTERM: [libjvm.so+0x780760], sa_mask[0]=0x7ffbfeff, sa_flags=0x10000004
SIGQUIT: [libjvm.so+0x780760], sa_mask[0]=0x7ffbfeff, sa_flags=0x10000004


---------------  S Y S T E M  ---------------

OS:openSUSE 12.3 (x86_64)
VERSION = 12.3
CODENAME = Dartmouth

uname:Linux 3.7.10-1.16-desktop #1 SMP PREEMPT Fri May 31 20:21:23 UTC 2013 (97c14ba) x86_64
libc:glibc 2.17 NPTL 2.17 
rlimit: STACK 8192k, CORE 0k, NPROC 30904, NOFILE 4096, AS infinity
load average:3,07 2,00 1,49

/proc/meminfo:
MemTotal:        4054532 kB
MemFree:          107828 kB
Buffers:            3260 kB
Cached:           375268 kB
SwapCached:       140080 kB
Active:          1385604 kB
Inactive:        1069152 kB
Active(anon):    1272740 kB
Inactive(anon):   956136 kB
Active(file):     112864 kB
Inactive(file):   113016 kB
Unevictable:           0 kB
Mlocked:               0 kB
SwapTotal:       4192252 kB
SwapFree:        3642884 kB
Dirty:              6592 kB
Writeback:             0 kB
AnonPages:       2030336 kB
Mapped:          1513176 kB
Shmem:            152272 kB
Slab:             120156 kB
SReclaimable:      64980 kB
SUnreclaim:        55176 kB
KernelStack:        4048 kB
PageTables:        44316 kB
NFS_Unstable:          0 kB
Bounce:                0 kB
WritebackTmp:          0 kB
CommitLimit:     6219516 kB
Committed_AS:    8345648 kB
VmallocTotal:   34359738367 kB
VmallocUsed:      335532 kB
VmallocChunk:   34359395964 kB
HardwareCorrupted:     0 kB
AnonHugePages:    397312 kB
HugePages_Total:       0
HugePages_Free:        0
HugePages_Rsvd:        0
HugePages_Surp:        0
Hugepagesize:       2048 kB
DirectMap4k:     1561472 kB
DirectMap2M:     2631680 kB
DirectMap1G:           0 kB


CPU:total 4 (4 cores per cpu, 1 threads per core) family 16 model 4 stepping 2, cmov, cx8, fxsr, mmx, sse, sse2, sse3, popcnt, mmxext, 3dnowpref, lzcnt, sse4a, tsc, tscinvbit, tscinv

/proc/cpuinfo:
processor	: 0
vendor_id	: AuthenticAMD
cpu family	: 16
model		: 4
model name	: AMD Phenom(tm) II X4 945 Processor
stepping	: 2
microcode	: 0x10000db
cpu MHz		: 1800.000
cache size	: 512 KB
physical id	: 0
siblings	: 4
core id		: 0
cpu cores	: 4
apicid		: 0
initial apicid	: 0
fpu		: yes
fpu_exception	: yes
cpuid level	: 5
wp		: yes
flags		: fpu vme de pse tsc msr pae mce cx8 apic sep mtrr pge mca cmov pat pse36 clflush mmx fxsr sse sse2 ht syscall nx mmxext fxsr_opt pdpe1gb rdtscp lm 3dnowext 3dnow constant_tsc rep_good nopl nonstop_tsc extd_apicid pni monitor cx16 popcnt lahf_lm cmp_legacy svm extapic cr8_legacy abm sse4a misalignsse 3dnowprefetch osvw ibs skinit wdt hw_pstate npt lbrv svm_lock nrip_save
bogomips	: 6013.37
TLB size	: 1024 4K pages
clflush size	: 64
cache_alignment	: 64
address sizes	: 48 bits physical, 48 bits virtual
power management: ts ttp tm stc 100mhzsteps hwpstate

processor	: 1
vendor_id	: AuthenticAMD
cpu family	: 16
model		: 4
model name	: AMD Phenom(tm) II X4 945 Processor
stepping	: 2
microcode	: 0x10000db
cpu MHz		: 3000.000
cache size	: 512 KB
physical id	: 0
siblings	: 4
core id		: 1
cpu cores	: 4
apicid		: 1
initial apicid	: 1
fpu		: yes
fpu_exception	: yes
cpuid level	: 5
wp		: yes
flags		: fpu vme de pse tsc msr pae mce cx8 apic sep mtrr pge mca cmov pat pse36 clflush mmx fxsr sse sse2 ht syscall nx mmxext fxsr_opt pdpe1gb rdtscp lm 3dnowext 3dnow constant_tsc rep_good nopl nonstop_tsc extd_apicid pni monitor cx16 popcnt lahf_lm cmp_legacy svm extapic cr8_legacy abm sse4a misalignsse 3dnowprefetch osvw ibs skinit wdt hw_pstate npt lbrv svm_lock nrip_save
bogomips	: 6013.37
TLB size	: 1024 4K pages
clflush size	: 64
cache_alignment	: 64
address sizes	: 48 bits physical, 48 bits virtual
power management: ts ttp tm stc 100mhzsteps hwpstate

processor	: 2
vendor_id	: AuthenticAMD
cpu family	: 16
model		: 4
model name	: AMD Phenom(tm) II X4 945 Processor
stepping	: 2
microcode	: 0x10000db
cpu MHz		: 3000.000
cache size	: 512 KB
physical id	: 0
siblings	: 4
core id		: 3
cpu cores	: 4
apicid		: 2
initial apicid	: 3
fpu		: yes
fpu_exception	: yes
cpuid level	: 5
wp		: yes
flags		: fpu vme de pse tsc msr pae mce cx8 apic sep mtrr pge mca cmov pat pse36 clflush mmx fxsr sse sse2 ht syscall nx mmxext fxsr_opt pdpe1gb rdtscp lm 3dnowext 3dnow constant_tsc rep_good nopl nonstop_tsc extd_apicid pni monitor cx16 popcnt lahf_lm cmp_legacy svm extapic cr8_legacy abm sse4a misalignsse 3dnowprefetch osvw ibs skinit wdt hw_pstate npt lbrv svm_lock nrip_save
bogomips	: 6013.37
TLB size	: 1024 4K pages
clflush size	: 64
cache_alignment	: 64
address sizes	: 48 bits physical, 48 bits virtual
power management: ts ttp tm stc 100mhzsteps hwpstate

processor	: 3
vendor_id	: AuthenticAMD
cpu family	: 16
model		: 4
model name	: AMD Phenom(tm) II X4 945 Processor
stepping	: 2
microcode	: 0x10000db
cpu MHz		: 800.000
cache size	: 512 KB
physical id	: 0
siblings	: 4
core id		: 2
cpu cores	: 4
apicid		: 3
initial apicid	: 2
fpu		: yes
fpu_exception	: yes
cpuid level	: 5
wp		: yes
flags		: fpu vme de pse tsc msr pae mce cx8 apic sep mtrr pge mca cmov pat pse36 clflush mmx fxsr sse sse2 ht syscall nx mmxext fxsr_opt pdpe1gb rdtscp lm 3dnowext 3dnow constant_tsc rep_good nopl nonstop_tsc extd_apicid pni monitor cx16 popcnt lahf_lm cmp_legacy svm extapic cr8_legacy abm sse4a misalignsse 3dnowprefetch osvw ibs skinit wdt hw_pstate npt lbrv svm_lock nrip_save
bogomips	: 6013.37
TLB size	: 1024 4K pages
clflush size	: 64
cache_alignment	: 64
address sizes	: 48 bits physical, 48 bits virtual
power management: ts ttp tm stc 100mhzsteps hwpstate



Memory: 4k page, physical 4054532k(107332k free), swap 4192252k(3642884k free)

vm_info: OpenJDK 64-Bit Server VM (24.0-b50) for linux-amd64 JRE (1.7.0_40-b31), built on Jul 24 2013 07:30:29 by "abuild" with gcc 4.7.2 20130108 [gcc-4_7-branch revision 195012]

time: Mon Oct 14 16:03:28 2013
elapsed time: 41 seconds

